

Processing SnippetsController#index (for 127.0.0.1 at 2009-01-15 18:18:12) [GET]
  [4;36;1mSnippet Load (0.0ms)[0m   [0;1mSQLite3::SQLException: no such table: snippets: SELECT * FROM "snippets" [0m


ActiveRecord::StatementInvalid (SQLite3::SQLException: no such table: snippets: SELECT * FROM "snippets" ):
    /Library/Ruby/Gems/1.8/gems/activerecord-2.2.2/lib/active_record/connection_adapters/abstract_adapter.rb:188:in `log'
    /Library/Ruby/Gems/1.8/gems/activerecord-2.2.2/lib/active_record/connection_adapters/sqlite_adapter.rb:132:in `execute'
    /Library/Ruby/Gems/1.8/gems/activerecord-2.2.2/lib/active_record/connection_adapters/sqlite_adapter.rb:372:in `catch_schema_changes'
    /Library/Ruby/Gems/1.8/gems/activerecord-2.2.2/lib/active_record/connection_adapters/sqlite_adapter.rb:132:in `execute'
    /Library/Ruby/Gems/1.8/gems/activerecord-2.2.2/lib/active_record/connection_adapters/sqlite_adapter.rb:275:in `select'
    /Library/Ruby/Gems/1.8/gems/activerecord-2.2.2/lib/active_record/connection_adapters/abstract/database_statements.rb:7:in `select_all_without_query_cache'
    /Library/Ruby/Gems/1.8/gems/activerecord-2.2.2/lib/active_record/connection_adapters/abstract/query_cache.rb:60:in `select_all'
    /Library/Ruby/Gems/1.8/gems/activerecord-2.2.2/lib/active_record/connection_adapters/abstract/query_cache.rb:81:in `cache_sql'
    /Library/Ruby/Gems/1.8/gems/activerecord-2.2.2/lib/active_record/connection_adapters/abstract/query_cache.rb:60:in `select_all'
    /Library/Ruby/Gems/1.8/gems/activerecord-2.2.2/lib/active_record/base.rb:635:in `find_by_sql'
    /Library/Ruby/Gems/1.8/gems/activerecord-2.2.2/lib/active_record/base.rb:1490:in `find_every'
    /Library/Ruby/Gems/1.8/gems/activerecord-2.2.2/lib/active_record/base.rb:589:in `find'
    /app/controllers/snippets_controller.rb:5:in `index'
    /Library/Ruby/Gems/1.8/gems/actionpack-2.2.2/lib/action_controller/base.rb:1253:in `send'
    /Library/Ruby/Gems/1.8/gems/actionpack-2.2.2/lib/action_controller/base.rb:1253:in `perform_action_without_filters'
    /Library/Ruby/Gems/1.8/gems/actionpack-2.2.2/lib/action_controller/filters.rb:617:in `call_filters'
    /Library/Ruby/Gems/1.8/gems/actionpack-2.2.2/lib/action_controller/filters.rb:610:in `perform_action_without_benchmark'
    /Library/Ruby/Gems/1.8/gems/actionpack-2.2.2/lib/action_controller/benchmarking.rb:68:in `perform_action_without_rescue'
    /System/Library/Frameworks/Ruby.framework/Versions/1.8/usr/lib/ruby/1.8/benchmark.rb:293:in `measure'
    /Library/Ruby/Gems/1.8/gems/actionpack-2.2.2/lib/action_controller/benchmarking.rb:68:in `perform_action_without_rescue'
    /Library/Ruby/Gems/1.8/gems/actionpack-2.2.2/lib/action_controller/rescue.rb:136:in `perform_action_without_caching'
    /Library/Ruby/Gems/1.8/gems/actionpack-2.2.2/lib/action_controller/caching/sql_cache.rb:13:in `perform_action'
    /Library/Ruby/Gems/1.8/gems/activerecord-2.2.2/lib/active_record/connection_adapters/abstract/query_cache.rb:34:in `cache'
    /Library/Ruby/Gems/1.8/gems/activerecord-2.2.2/lib/active_record/query_cache.rb:8:in `cache'
    /Library/Ruby/Gems/1.8/gems/actionpack-2.2.2/lib/action_controller/caching/sql_cache.rb:12:in `perform_action'
    /Library/Ruby/Gems/1.8/gems/actionpack-2.2.2/lib/action_controller/base.rb:524:in `send'
    /Library/Ruby/Gems/1.8/gems/actionpack-2.2.2/lib/action_controller/base.rb:524:in `process_without_filters'
    /Library/Ruby/Gems/1.8/gems/actionpack-2.2.2/lib/action_controller/filters.rb:606:in `process_without_session_management_support'
    /Library/Ruby/Gems/1.8/gems/actionpack-2.2.2/lib/action_controller/session_management.rb:134:in `process'
    /Library/Ruby/Gems/1.8/gems/actionpack-2.2.2/lib/action_controller/base.rb:392:in `process'
    /Library/Ruby/Gems/1.8/gems/actionpack-2.2.2/lib/action_controller/dispatcher.rb:183:in `handle_request'
    /Library/Ruby/Gems/1.8/gems/actionpack-2.2.2/lib/action_controller/dispatcher.rb:110:in `dispatch_unlocked'
    /Library/Ruby/Gems/1.8/gems/actionpack-2.2.2/lib/action_controller/dispatcher.rb:123:in `dispatch'
    /Library/Ruby/Gems/1.8/gems/actionpack-2.2.2/lib/action_controller/dispatcher.rb:122:in `synchronize'
    /Library/Ruby/Gems/1.8/gems/actionpack-2.2.2/lib/action_controller/dispatcher.rb:122:in `dispatch'
    /Library/Ruby/Gems/1.8/gems/actionpack-2.2.2/lib/action_controller/dispatcher.rb:132:in `dispatch_cgi'
    /Library/Ruby/Gems/1.8/gems/actionpack-2.2.2/lib/action_controller/dispatcher.rb:39:in `dispatch'
    /Library/Ruby/Gems/1.8/gems/mongrel-1.1.5/bin/../lib/mongrel/rails.rb:76:in `process'
    /Library/Ruby/Gems/1.8/gems/mongrel-1.1.5/bin/../lib/mongrel/rails.rb:74:in `synchronize'
    /Library/Ruby/Gems/1.8/gems/mongrel-1.1.5/bin/../lib/mongrel/rails.rb:74:in `process'
    /Library/Ruby/Gems/1.8/gems/mongrel-1.1.5/lib/mongrel.rb:159:in `process_client'
    /Library/Ruby/Gems/1.8/gems/mongrel-1.1.5/lib/mongrel.rb:158:in `each'
    /Library/Ruby/Gems/1.8/gems/mongrel-1.1.5/lib/mongrel.rb:158:in `process_client'
    /Library/Ruby/Gems/1.8/gems/mongrel-1.1.5/lib/mongrel.rb:285:in `run'
    /Library/Ruby/Gems/1.8/gems/mongrel-1.1.5/lib/mongrel.rb:285:in `initialize'
    /Library/Ruby/Gems/1.8/gems/mongrel-1.1.5/lib/mongrel.rb:285:in `new'
    /Library/Ruby/Gems/1.8/gems/mongrel-1.1.5/lib/mongrel.rb:285:in `run'
    /Library/Ruby/Gems/1.8/gems/mongrel-1.1.5/lib/mongrel.rb:268:in `initialize'
    /Library/Ruby/Gems/1.8/gems/mongrel-1.1.5/lib/mongrel.rb:268:in `new'
    /Library/Ruby/Gems/1.8/gems/mongrel-1.1.5/lib/mongrel.rb:268:in `run'
    /Library/Ruby/Gems/1.8/gems/mongrel-1.1.5/lib/mongrel/configurator.rb:282:in `run'
    /Library/Ruby/Gems/1.8/gems/mongrel-1.1.5/lib/mongrel/configurator.rb:281:in `each'
    /Library/Ruby/Gems/1.8/gems/mongrel-1.1.5/lib/mongrel/configurator.rb:281:in `run'
    /Library/Ruby/Gems/1.8/gems/mongrel-1.1.5/bin/mongrel_rails:128:in `run'
    /Library/Ruby/Gems/1.8/gems/mongrel-1.1.5/lib/mongrel/command.rb:212:in `run'
    /Library/Ruby/Gems/1.8/gems/mongrel-1.1.5/bin/mongrel_rails:281
    /Library/Ruby/Gems/1.8/gems/activesupport-2.2.2/lib/active_support/dependencies.rb:142:in `load_without_new_constant_marking'
    /Library/Ruby/Gems/1.8/gems/activesupport-2.2.2/lib/active_support/dependencies.rb:142:in `load'
    /Library/Ruby/Gems/1.8/gems/activesupport-2.2.2/lib/active_support/dependencies.rb:521:in `new_constants_in'
    /Library/Ruby/Gems/1.8/gems/activesupport-2.2.2/lib/active_support/dependencies.rb:142:in `load'
    /Library/Ruby/Gems/1.8/gems/rails-2.2.2/lib/commands/servers/mongrel.rb:64
    /Library/Ruby/Site/1.8/rubygems/custom_require.rb:31:in `gem_original_require'
    /Library/Ruby/Site/1.8/rubygems/custom_require.rb:31:in `require'
    /Library/Ruby/Gems/1.8/gems/activesupport-2.2.2/lib/active_support/dependencies.rb:153:in `require'
    /Library/Ruby/Gems/1.8/gems/activesupport-2.2.2/lib/active_support/dependencies.rb:521:in `new_constants_in'
    /Library/Ruby/Gems/1.8/gems/activesupport-2.2.2/lib/active_support/dependencies.rb:153:in `require'
    /Library/Ruby/Gems/1.8/gems/rails-2.2.2/lib/commands/server.rb:49
    /Library/Ruby/Site/1.8/rubygems/custom_require.rb:31:in `gem_original_require'
    /Library/Ruby/Site/1.8/rubygems/custom_require.rb:31:in `require'
    ./script/server:3

Rendered /Library/Ruby/Gems/1.8/gems/actionpack-2.2.2/lib/action_controller/templates/rescues/_trace (29.8ms)
Rendered /Library/Ruby/Gems/1.8/gems/actionpack-2.2.2/lib/action_controller/templates/rescues/_request_and_response (1.1ms)
Rendering /Library/Ruby/Gems/1.8/gems/actionpack-2.2.2/lib/action_controller/templates/rescues/layout.erb (internal_server_error)
  [4;36;1mSQL (0.2ms)[0m   [0;1m SELECT name
 FROM sqlite_master
 WHERE type = 'table' AND NOT name = 'sqlite_sequence'
[0m
  [4;35;1mSQL (0.1ms)[0m   [0mselect sqlite_version(*)[0m
  [4;36;1mSQL (2.8ms)[0m   [0;1mCREATE TABLE "schema_migrations" ("version" varchar(255) NOT NULL) [0m
  [4;35;1mSQL (2.0ms)[0m   [0mCREATE UNIQUE INDEX "unique_schema_migrations" ON "schema_migrations" ("version")[0m
  [4;36;1mSQL (0.3ms)[0m   [0;1m SELECT name
 FROM sqlite_master
 WHERE type = 'table' AND NOT name = 'sqlite_sequence'
[0m
  [4;35;1mSQL (0.1ms)[0m   [0mSELECT version FROM schema_migrations[0m
Migrating to CreateSnippets (20090115231220)
  [4;36;1mSQL (2.4ms)[0m   [0;1mCREATE TABLE "snippets" ("id" INTEGER PRIMARY KEY AUTOINCREMENT NOT NULL, "user" varchar(255), "title" varchar(255), "contents" text, "created_at" datetime, "updated_at" datetime) [0m
  [4;35;1mSQL (1.9ms)[0m   [0mINSERT INTO schema_migrations (version) VALUES ('20090115231220')[0m
Migrating to CreateUsers (20090115231314)
  [4;36;1mSQL (2.6ms)[0m   [0;1mCREATE TABLE "users" ("id" INTEGER PRIMARY KEY AUTOINCREMENT NOT NULL, "created_at" datetime, "updated_at" datetime) [0m
  [4;35;1mSQL (2.5ms)[0m   [0mINSERT INTO schema_migrations (version) VALUES ('20090115231314')[0m
  [4;36;1mSQL (0.4ms)[0m   [0;1m SELECT name
 FROM sqlite_master
 WHERE type = 'table' AND NOT name = 'sqlite_sequence'
[0m
  [4;35;1mSQL (0.2ms)[0m   [0mSELECT version FROM schema_migrations[0m
  [4;36;1mSQL (0.3ms)[0m   [0;1m SELECT name
 FROM sqlite_master
 WHERE type = 'table' AND NOT name = 'sqlite_sequence'
[0m
  [4;35;1mSQL (0.1ms)[0m   [0mPRAGMA index_list("snippets")[0m
  [4;36;1mSQL (0.1ms)[0m   [0;1mPRAGMA index_list("users")[0m


Processing SnippetsController#index (for 127.0.0.1 at 2009-01-15 18:18:37) [GET]
  [4;35;1mSnippet Load (0.4ms)[0m   [0mSELECT * FROM "snippets" [0m
Rendering template within layouts/snippets
Rendering snippets/index
Completed in 7ms (View: 3, DB: 0) | 200 OK [http://localhost/snippets]


Processing SnippetsController#new (for 127.0.0.1 at 2009-01-15 18:19:07) [GET]
Rendering template within layouts/snippets
Rendering snippets/new
Completed in 61ms (View: 6, DB: 0) | 200 OK [http://localhost/snippets/new]


Processing SnippetsController#create (for 127.0.0.1 at 2009-01-15 18:19:15) [POST]
  Parameters: {"commit"=>"Create", "authenticity_token"=>"a2a4b48bcf33ca52cd44e9300bf71b921d5b27fc", "snippet"=>{"user"=>"jhyland", "title"=>"Test 1", "contents"=>"This is a test"}}
  [4;36;1mSnippet Create (0.4ms)[0m   [0;1mINSERT INTO "snippets" ("user", "updated_at", "title", "contents", "created_at") VALUES('jhyland', '2009-01-15 23:19:15', 'Test 1', 'This is a test', '2009-01-15 23:19:15')[0m
Redirected to #<Snippet:0x23e289c>
Completed in 11ms (DB: 0) | 302 Found [http://localhost/snippets]


Processing SnippetsController#show (for 127.0.0.1 at 2009-01-15 18:19:15) [GET]
  Parameters: {"id"=>"1"}
  [4;35;1mSnippet Load (0.2ms)[0m   [0mSELECT * FROM "snippets" WHERE ("snippets"."id" = 1) [0m
Rendering template within layouts/snippets
Rendering snippets/show
Completed in 8ms (View: 4, DB: 0) | 200 OK [http://localhost/snippets/1]


Processing SnippetsController#index (for 127.0.0.1 at 2009-01-15 18:19:17) [GET]
  [4;36;1mSnippet Load (0.4ms)[0m   [0;1mSELECT * FROM "snippets" [0m
Rendering template within layouts/snippets
Rendering snippets/index
Completed in 9ms (View: 5, DB: 0) | 200 OK [http://localhost/snippets]


Processing SnippetsController#new (for 127.0.0.1 at 2009-01-15 18:19:18) [GET]
Rendering template within layouts/snippets
Rendering snippets/new
Completed in 9ms (View: 5, DB: 0) | 200 OK [http://localhost/snippets/new]


Processing SnippetsController#create (for 127.0.0.1 at 2009-01-15 18:19:30) [POST]
  Parameters: {"commit"=>"Create", "authenticity_token"=>"a2a4b48bcf33ca52cd44e9300bf71b921d5b27fc", "snippet"=>{"user"=>"jhyland", "title"=>"Test 2", "contents"=>"This is also a test!"}}
  [4;35;1mSnippet Create (0.3ms)[0m   [0mINSERT INTO "snippets" ("user", "updated_at", "title", "contents", "created_at") VALUES('jhyland', '2009-01-15 23:19:30', 'Test 2', 'This is also a test!', '2009-01-15 23:19:30')[0m
Redirected to #<Snippet:0x21c77b0>
Completed in 10ms (DB: 0) | 302 Found [http://localhost/snippets]


Processing SnippetsController#show (for 127.0.0.1 at 2009-01-15 18:19:30) [GET]
  Parameters: {"id"=>"2"}
  [4;36;1mSnippet Load (0.2ms)[0m   [0;1mSELECT * FROM "snippets" WHERE ("snippets"."id" = 2) [0m
Rendering template within layouts/snippets
Rendering snippets/show
Completed in 8ms (View: 4, DB: 0) | 200 OK [http://localhost/snippets/2]


Processing SnippetsController#index (for 127.0.0.1 at 2009-01-15 18:19:33) [GET]
  [4;35;1mSnippet Load (0.6ms)[0m   [0mSELECT * FROM "snippets" [0m
Rendering template within layouts/snippets
Rendering snippets/index
Completed in 9ms (View: 5, DB: 1) | 200 OK [http://localhost/snippets]


Processing SnippetsController#new (for 127.0.0.1 at 2009-01-15 18:19:35) [GET]
Rendering template within layouts/snippets
Rendering snippets/new
Completed in 10ms (View: 5, DB: 0) | 200 OK [http://localhost/snippets/new]


Processing SnippetsController#create (for 127.0.0.1 at 2009-01-15 18:19:49) [POST]
  Parameters: {"commit"=>"Create", "authenticity_token"=>"a2a4b48bcf33ca52cd44e9300bf71b921d5b27fc", "snippet"=>{"user"=>"mgundlach", "title"=>"Not a test!", "contents"=>"I lurve python."}}
  [4;36;1mSnippet Create (0.3ms)[0m   [0;1mINSERT INTO "snippets" ("user", "updated_at", "title", "contents", "created_at") VALUES('mgundlach', '2009-01-15 23:19:49', 'Not a test!', 'I lurve python.', '2009-01-15 23:19:49')[0m
Redirected to #<Snippet:0x2047ebc>
Completed in 10ms (DB: 0) | 302 Found [http://localhost/snippets]


Processing SnippetsController#show (for 127.0.0.1 at 2009-01-15 18:19:49) [GET]
  Parameters: {"id"=>"3"}
  [4;35;1mSnippet Load (0.2ms)[0m   [0mSELECT * FROM "snippets" WHERE ("snippets"."id" = 3) [0m
Rendering template within layouts/snippets
Rendering snippets/show
Completed in 8ms (View: 4, DB: 0) | 200 OK [http://localhost/snippets/3]


Processing UsersController#show (for 127.0.0.1 at 2009-01-15 18:19:58) [GET]
  Parameters: {"id"=>"jhyland"}


ActionController::UnknownAction (No action responded to show. Actions: index):
    /Library/Ruby/Gems/1.8/gems/actionpack-2.2.2/lib/action_controller/filters.rb:617:in `call_filters'
    /Library/Ruby/Gems/1.8/gems/actionpack-2.2.2/lib/action_controller/filters.rb:610:in `perform_action_without_benchmark'
    /Library/Ruby/Gems/1.8/gems/actionpack-2.2.2/lib/action_controller/benchmarking.rb:68:in `perform_action_without_rescue'
    /System/Library/Frameworks/Ruby.framework/Versions/1.8/usr/lib/ruby/1.8/benchmark.rb:293:in `measure'
    /Library/Ruby/Gems/1.8/gems/actionpack-2.2.2/lib/action_controller/benchmarking.rb:68:in `perform_action_without_rescue'
    /Library/Ruby/Gems/1.8/gems/actionpack-2.2.2/lib/action_controller/rescue.rb:136:in `perform_action_without_caching'
    /Library/Ruby/Gems/1.8/gems/actionpack-2.2.2/lib/action_controller/caching/sql_cache.rb:13:in `perform_action'
    /Library/Ruby/Gems/1.8/gems/activerecord-2.2.2/lib/active_record/connection_adapters/abstract/query_cache.rb:34:in `cache'
    /Library/Ruby/Gems/1.8/gems/activerecord-2.2.2/lib/active_record/query_cache.rb:8:in `cache'
    /Library/Ruby/Gems/1.8/gems/actionpack-2.2.2/lib/action_controller/caching/sql_cache.rb:12:in `perform_action'
    /Library/Ruby/Gems/1.8/gems/actionpack-2.2.2/lib/action_controller/base.rb:524:in `send'
    /Library/Ruby/Gems/1.8/gems/actionpack-2.2.2/lib/action_controller/base.rb:524:in `process_without_filters'
    /Library/Ruby/Gems/1.8/gems/actionpack-2.2.2/lib/action_controller/filters.rb:606:in `process_without_session_management_support'
    /Library/Ruby/Gems/1.8/gems/actionpack-2.2.2/lib/action_controller/session_management.rb:134:in `process'
    /Library/Ruby/Gems/1.8/gems/actionpack-2.2.2/lib/action_controller/base.rb:392:in `process'
    /Library/Ruby/Gems/1.8/gems/actionpack-2.2.2/lib/action_controller/dispatcher.rb:183:in `handle_request'
    /Library/Ruby/Gems/1.8/gems/actionpack-2.2.2/lib/action_controller/dispatcher.rb:110:in `dispatch_unlocked'
    /Library/Ruby/Gems/1.8/gems/actionpack-2.2.2/lib/action_controller/dispatcher.rb:123:in `dispatch'
    /Library/Ruby/Gems/1.8/gems/actionpack-2.2.2/lib/action_controller/dispatcher.rb:122:in `synchronize'
    /Library/Ruby/Gems/1.8/gems/actionpack-2.2.2/lib/action_controller/dispatcher.rb:122:in `dispatch'
    /Library/Ruby/Gems/1.8/gems/actionpack-2.2.2/lib/action_controller/dispatcher.rb:132:in `dispatch_cgi'
    /Library/Ruby/Gems/1.8/gems/actionpack-2.2.2/lib/action_controller/dispatcher.rb:39:in `dispatch'
    /Library/Ruby/Gems/1.8/gems/mongrel-1.1.5/bin/../lib/mongrel/rails.rb:76:in `process'
    /Library/Ruby/Gems/1.8/gems/mongrel-1.1.5/bin/../lib/mongrel/rails.rb:74:in `synchronize'
    /Library/Ruby/Gems/1.8/gems/mongrel-1.1.5/bin/../lib/mongrel/rails.rb:74:in `process'
    /Library/Ruby/Gems/1.8/gems/mongrel-1.1.5/lib/mongrel.rb:159:in `process_client'
    /Library/Ruby/Gems/1.8/gems/mongrel-1.1.5/lib/mongrel.rb:158:in `each'
    /Library/Ruby/Gems/1.8/gems/mongrel-1.1.5/lib/mongrel.rb:158:in `process_client'
    /Library/Ruby/Gems/1.8/gems/mongrel-1.1.5/lib/mongrel.rb:285:in `run'
    /Library/Ruby/Gems/1.8/gems/mongrel-1.1.5/lib/mongrel.rb:285:in `initialize'
    /Library/Ruby/Gems/1.8/gems/mongrel-1.1.5/lib/mongrel.rb:285:in `new'
    /Library/Ruby/Gems/1.8/gems/mongrel-1.1.5/lib/mongrel.rb:285:in `run'
    /Library/Ruby/Gems/1.8/gems/mongrel-1.1.5/lib/mongrel.rb:268:in `initialize'
    /Library/Ruby/Gems/1.8/gems/mongrel-1.1.5/lib/mongrel.rb:268:in `new'
    /Library/Ruby/Gems/1.8/gems/mongrel-1.1.5/lib/mongrel.rb:268:in `run'
    /Library/Ruby/Gems/1.8/gems/mongrel-1.1.5/lib/mongrel/configurator.rb:282:in `run'
    /Library/Ruby/Gems/1.8/gems/mongrel-1.1.5/lib/mongrel/configurator.rb:281:in `each'
    /Library/Ruby/Gems/1.8/gems/mongrel-1.1.5/lib/mongrel/configurator.rb:281:in `run'
    /Library/Ruby/Gems/1.8/gems/mongrel-1.1.5/bin/mongrel_rails:128:in `run'
    /Library/Ruby/Gems/1.8/gems/mongrel-1.1.5/lib/mongrel/command.rb:212:in `run'
    /Library/Ruby/Gems/1.8/gems/mongrel-1.1.5/bin/mongrel_rails:281
    /Library/Ruby/Gems/1.8/gems/activesupport-2.2.2/lib/active_support/dependencies.rb:142:in `load_without_new_constant_marking'
    /Library/Ruby/Gems/1.8/gems/activesupport-2.2.2/lib/active_support/dependencies.rb:142:in `load'
    /Library/Ruby/Gems/1.8/gems/activesupport-2.2.2/lib/active_support/dependencies.rb:521:in `new_constants_in'
    /Library/Ruby/Gems/1.8/gems/activesupport-2.2.2/lib/active_support/dependencies.rb:142:in `load'
    /Library/Ruby/Gems/1.8/gems/rails-2.2.2/lib/commands/servers/mongrel.rb:64
    /Library/Ruby/Site/1.8/rubygems/custom_require.rb:31:in `gem_original_require'
    /Library/Ruby/Site/1.8/rubygems/custom_require.rb:31:in `require'
    /Library/Ruby/Gems/1.8/gems/activesupport-2.2.2/lib/active_support/dependencies.rb:153:in `require'
    /Library/Ruby/Gems/1.8/gems/activesupport-2.2.2/lib/active_support/dependencies.rb:521:in `new_constants_in'
    /Library/Ruby/Gems/1.8/gems/activesupport-2.2.2/lib/active_support/dependencies.rb:153:in `require'
    /Library/Ruby/Gems/1.8/gems/rails-2.2.2/lib/commands/server.rb:49
    /Library/Ruby/Site/1.8/rubygems/custom_require.rb:31:in `gem_original_require'
    /Library/Ruby/Site/1.8/rubygems/custom_require.rb:31:in `require'
    ./script/server:3

Rendering /Library/Ruby/Gems/1.8/gems/actionpack-2.2.2/lib/action_controller/templates/rescues/layout.erb (not_found)


Processing UsersController#show (for 127.0.0.1 at 2009-01-15 18:20:16) [GET]
  Parameters: {"id"=>"jhyland"}
  [4;36;1mSnippet Load (0.2ms)[0m   [0;1mSELECT * FROM "snippets" WHERE ("snippets"."user" = 'jhyland') LIMIT 1[0m
Rendering users/show


ActionView::MissingTemplate (Missing template users/show.erb in view path /Users/jhyland/src/snippem/app/views:):
    /Library/Ruby/Gems/1.8/gems/actionpack-2.2.2/lib/action_view/template.rb:95:in `find_full_path'
    /Library/Ruby/Gems/1.8/gems/actionpack-2.2.2/lib/action_view/template.rb:16:in `initialize'
    /Library/Ruby/Gems/1.8/gems/actionpack-2.2.2/lib/action_view/base.rb:332:in `new'
    /Library/Ruby/Gems/1.8/gems/actionpack-2.2.2/lib/action_view/base.rb:332:in `_unmemoized__pick_template'
    /Library/Ruby/Gems/1.8/gems/activesupport-2.2.2/lib/active_support/memoizable.rb:70:in `_pick_template'
    /Library/Ruby/Gems/1.8/gems/actionpack-2.2.2/lib/action_view/base.rb:256:in `render'
    /Library/Ruby/Gems/1.8/gems/actionpack-2.2.2/lib/action_controller/base.rb:1174:in `render_for_file'
    /Library/Ruby/Gems/1.8/gems/actionpack-2.2.2/lib/action_controller/base.rb:905:in `render_without_benchmark'
    /Library/Ruby/Gems/1.8/gems/actionpack-2.2.2/lib/action_controller/benchmarking.rb:51:in `render'
    /Library/Ruby/Gems/1.8/gems/activesupport-2.2.2/lib/active_support/core_ext/benchmark.rb:8:in `realtime'
    /Library/Ruby/Gems/1.8/gems/actionpack-2.2.2/lib/action_controller/benchmarking.rb:51:in `render'
    /Library/Ruby/Gems/1.8/gems/actionpack-2.2.2/lib/action_controller/mime_responds.rb:135:in `send'
    /Library/Ruby/Gems/1.8/gems/actionpack-2.2.2/lib/action_controller/mime_responds.rb:135:in `custom'
    /Library/Ruby/Gems/1.8/gems/actionpack-2.2.2/lib/action_controller/mime_responds.rb:164:in `call'
    /Library/Ruby/Gems/1.8/gems/actionpack-2.2.2/lib/action_controller/mime_responds.rb:164:in `respond'
    /Library/Ruby/Gems/1.8/gems/actionpack-2.2.2/lib/action_controller/mime_responds.rb:158:in `each'
    /Library/Ruby/Gems/1.8/gems/actionpack-2.2.2/lib/action_controller/mime_responds.rb:158:in `respond'
    /Library/Ruby/Gems/1.8/gems/actionpack-2.2.2/lib/action_controller/mime_responds.rb:107:in `respond_to'
    /app/controllers/users_controller.rb:6:in `show'
    /Library/Ruby/Gems/1.8/gems/actionpack-2.2.2/lib/action_controller/base.rb:1253:in `send'
    /Library/Ruby/Gems/1.8/gems/actionpack-2.2.2/lib/action_controller/base.rb:1253:in `perform_action_without_filters'
    /Library/Ruby/Gems/1.8/gems/actionpack-2.2.2/lib/action_controller/filters.rb:617:in `call_filters'
    /Library/Ruby/Gems/1.8/gems/actionpack-2.2.2/lib/action_controller/filters.rb:610:in `perform_action_without_benchmark'
    /Library/Ruby/Gems/1.8/gems/actionpack-2.2.2/lib/action_controller/benchmarking.rb:68:in `perform_action_without_rescue'
    /System/Library/Frameworks/Ruby.framework/Versions/1.8/usr/lib/ruby/1.8/benchmark.rb:293:in `measure'
    /Library/Ruby/Gems/1.8/gems/actionpack-2.2.2/lib/action_controller/benchmarking.rb:68:in `perform_action_without_rescue'
    /Library/Ruby/Gems/1.8/gems/actionpack-2.2.2/lib/action_controller/rescue.rb:136:in `perform_action_without_caching'
    /Library/Ruby/Gems/1.8/gems/actionpack-2.2.2/lib/action_controller/caching/sql_cache.rb:13:in `perform_action'
    /Library/Ruby/Gems/1.8/gems/activerecord-2.2.2/lib/active_record/connection_adapters/abstract/query_cache.rb:34:in `cache'
    /Library/Ruby/Gems/1.8/gems/activerecord-2.2.2/lib/active_record/query_cache.rb:8:in `cache'
    /Library/Ruby/Gems/1.8/gems/actionpack-2.2.2/lib/action_controller/caching/sql_cache.rb:12:in `perform_action'
    /Library/Ruby/Gems/1.8/gems/actionpack-2.2.2/lib/action_controller/base.rb:524:in `send'
    /Library/Ruby/Gems/1.8/gems/actionpack-2.2.2/lib/action_controller/base.rb:524:in `process_without_filters'
    /Library/Ruby/Gems/1.8/gems/actionpack-2.2.2/lib/action_controller/filters.rb:606:in `process_without_session_management_support'
    /Library/Ruby/Gems/1.8/gems/actionpack-2.2.2/lib/action_controller/session_management.rb:134:in `process'
    /Library/Ruby/Gems/1.8/gems/actionpack-2.2.2/lib/action_controller/base.rb:392:in `process'
    /Library/Ruby/Gems/1.8/gems/actionpack-2.2.2/lib/action_controller/dispatcher.rb:183:in `handle_request'
    /Library/Ruby/Gems/1.8/gems/actionpack-2.2.2/lib/action_controller/dispatcher.rb:110:in `dispatch_unlocked'
    /Library/Ruby/Gems/1.8/gems/actionpack-2.2.2/lib/action_controller/dispatcher.rb:123:in `dispatch'
    /Library/Ruby/Gems/1.8/gems/actionpack-2.2.2/lib/action_controller/dispatcher.rb:122:in `synchronize'
    /Library/Ruby/Gems/1.8/gems/actionpack-2.2.2/lib/action_controller/dispatcher.rb:122:in `dispatch'
    /Library/Ruby/Gems/1.8/gems/actionpack-2.2.2/lib/action_controller/dispatcher.rb:132:in `dispatch_cgi'
    /Library/Ruby/Gems/1.8/gems/actionpack-2.2.2/lib/action_controller/dispatcher.rb:39:in `dispatch'
    /Library/Ruby/Gems/1.8/gems/mongrel-1.1.5/bin/../lib/mongrel/rails.rb:76:in `process'
    /Library/Ruby/Gems/1.8/gems/mongrel-1.1.5/bin/../lib/mongrel/rails.rb:74:in `synchronize'
    /Library/Ruby/Gems/1.8/gems/mongrel-1.1.5/bin/../lib/mongrel/rails.rb:74:in `process'
    /Library/Ruby/Gems/1.8/gems/mongrel-1.1.5/lib/mongrel.rb:159:in `process_client'
    /Library/Ruby/Gems/1.8/gems/mongrel-1.1.5/lib/mongrel.rb:158:in `each'
    /Library/Ruby/Gems/1.8/gems/mongrel-1.1.5/lib/mongrel.rb:158:in `process_client'
    /Library/Ruby/Gems/1.8/gems/mongrel-1.1.5/lib/mongrel.rb:285:in `run'
    /Library/Ruby/Gems/1.8/gems/mongrel-1.1.5/lib/mongrel.rb:285:in `initialize'
    /Library/Ruby/Gems/1.8/gems/mongrel-1.1.5/lib/mongrel.rb:285:in `new'
    /Library/Ruby/Gems/1.8/gems/mongrel-1.1.5/lib/mongrel.rb:285:in `run'
    /Library/Ruby/Gems/1.8/gems/mongrel-1.1.5/lib/mongrel.rb:268:in `initialize'
    /Library/Ruby/Gems/1.8/gems/mongrel-1.1.5/lib/mongrel.rb:268:in `new'
    /Library/Ruby/Gems/1.8/gems/mongrel-1.1.5/lib/mongrel.rb:268:in `run'
    /Library/Ruby/Gems/1.8/gems/mongrel-1.1.5/lib/mongrel/configurator.rb:282:in `run'
    /Library/Ruby/Gems/1.8/gems/mongrel-1.1.5/lib/mongrel/configurator.rb:281:in `each'
    /Library/Ruby/Gems/1.8/gems/mongrel-1.1.5/lib/mongrel/configurator.rb:281:in `run'
    /Library/Ruby/Gems/1.8/gems/mongrel-1.1.5/bin/mongrel_rails:128:in `run'
    /Library/Ruby/Gems/1.8/gems/mongrel-1.1.5/lib/mongrel/command.rb:212:in `run'
    /Library/Ruby/Gems/1.8/gems/mongrel-1.1.5/bin/mongrel_rails:281
    /Library/Ruby/Gems/1.8/gems/activesupport-2.2.2/lib/active_support/dependencies.rb:142:in `load_without_new_constant_marking'
    /Library/Ruby/Gems/1.8/gems/activesupport-2.2.2/lib/active_support/dependencies.rb:142:in `load'
    /Library/Ruby/Gems/1.8/gems/activesupport-2.2.2/lib/active_support/dependencies.rb:521:in `new_constants_in'
    /Library/Ruby/Gems/1.8/gems/activesupport-2.2.2/lib/active_support/dependencies.rb:142:in `load'
    /Library/Ruby/Gems/1.8/gems/rails-2.2.2/lib/commands/servers/mongrel.rb:64
    /Library/Ruby/Site/1.8/rubygems/custom_require.rb:31:in `gem_original_require'
    /Library/Ruby/Site/1.8/rubygems/custom_require.rb:31:in `require'
    /Library/Ruby/Gems/1.8/gems/activesupport-2.2.2/lib/active_support/dependencies.rb:153:in `require'
    /Library/Ruby/Gems/1.8/gems/activesupport-2.2.2/lib/active_support/dependencies.rb:521:in `new_constants_in'
    /Library/Ruby/Gems/1.8/gems/activesupport-2.2.2/lib/active_support/dependencies.rb:153:in `require'
    /Library/Ruby/Gems/1.8/gems/rails-2.2.2/lib/commands/server.rb:49
    /Library/Ruby/Site/1.8/rubygems/custom_require.rb:31:in `gem_original_require'
    /Library/Ruby/Site/1.8/rubygems/custom_require.rb:31:in `require'
    ./script/server:3

Rendering /Library/Ruby/Gems/1.8/gems/actionpack-2.2.2/lib/action_controller/templates/rescues/layout.erb (internal_server_error)


Processing UsersController#show (for 127.0.0.1 at 2009-01-15 18:22:27) [GET]
  Parameters: {"id"=>"jhyland"}
  [4;35;1mSnippet Load (0.2ms)[0m   [0mSELECT * FROM "snippets" WHERE ("snippets"."user" = 'jhyland') LIMIT 1[0m
Rendering users/show
Completed in 6ms (View: 1, DB: 0) | 200 OK [http://localhost/users/jhyland]


Processing UsersController#show (for 127.0.0.1 at 2009-01-15 18:23:14) [GET]
  Parameters: {"id"=>"jhyland"}
  [4;36;1mSnippet Load (0.2ms)[0m   [0;1mSELECT * FROM "snippets" WHERE ("snippets"."user" = 'jhyland') LIMIT 1[0m
Rendering users/show
Completed in 6ms (View: 1, DB: 0) | 200 OK [http://localhost/users/jhyland]


Processing UsersController#show (for 127.0.0.1 at 2009-01-15 18:23:17) [GET]
  Parameters: {"id"=>"jhyland"}
  [4;35;1mSnippet Load (0.2ms)[0m   [0mSELECT * FROM "snippets" WHERE ("snippets"."user" = 'jhyland') LIMIT 1[0m
Rendering users/show
Completed in 6ms (View: 1, DB: 0) | 200 OK [http://localhost/users/jhyland]


Processing UsersController#show (for 127.0.0.1 at 2009-01-15 18:23:35) [GET]
  Parameters: {"id"=>"jhyland"}
  [4;36;1mSnippet Load (0.2ms)[0m   [0;1mSELECT * FROM "snippets" WHERE ("snippets"."user" = 'jhyland') [0m
Rendering users/show
Completed in 6ms (View: 1, DB: 0) | 200 OK [http://localhost/users/jhyland]


Processing UsersController#show (for 127.0.0.1 at 2009-01-15 18:24:24) [GET]
  Parameters: {"id"=>"jhyland"}
  [4;35;1mSnippet Load (0.2ms)[0m   [0mSELECT * FROM "snippets" WHERE ("snippets"."user" = 'jhyland') [0m
Rendering users/show
ERROR: compiling _run_erb_app47views47users47show46html46erb RAISED compile error
/Users/jhyland/src/snippem/app/views/users/show.html.erb:1: syntax error, unexpected kDO
            old_output_buffer = output_buffer;;@output_buffer = '';  __in_erb_template=true ;  @snippets.each |s| do ; @output_buffer.concat "\n"
                                                                                                                    ^
/Users/jhyland/src/snippem/app/views/users/show.html.erb:11: syntax error, unexpected kENSURE, expecting $end
Function body:           def _run_erb_app47views47users47show46html46erb(local_assigns)
            old_output_buffer = output_buffer;;@output_buffer = '';  __in_erb_template=true ;  @snippets.each |s| do ; @output_buffer.concat "\n"
@output_buffer.concat "\n"
@output_buffer.concat "  User: "; @output_buffer.concat(( s.user ).to_s); @output_buffer.concat " <br>\n"
@output_buffer.concat "  Date: "; @output_buffer.concat(( s.date ).to_s); @output_buffer.concat " <br>\n"
@output_buffer.concat "  Title: "; @output_buffer.concat(( s.title ).to_s); @output_buffer.concat " <br>\n"
@output_buffer.concat "\n"
@output_buffer.concat "  <p> "; @output_buffer.concat(( s.contents ).to_s); @output_buffer.concat " </p>\n"
@output_buffer.concat "\n"
 end ; @output_buffer.concat "\n"
@output_buffer
          ensure
            self.output_buffer = old_output_buffer
          end
Backtrace: /Users/jhyland/src/snippem/app/views/users/show.html.erb:11:in `compile!'
/Library/Ruby/Gems/1.8/gems/actionpack-2.2.2/lib/action_view/renderable.rb:66:in `compile'
/Library/Ruby/Gems/1.8/gems/actionpack-2.2.2/lib/action_view/renderable.rb:64:in `synchronize'
/Library/Ruby/Gems/1.8/gems/actionpack-2.2.2/lib/action_view/renderable.rb:64:in `compile'
/Library/Ruby/Gems/1.8/gems/actionpack-2.2.2/lib/action_view/renderable.rb:26:in `render'
/Library/Ruby/Gems/1.8/gems/actionpack-2.2.2/lib/action_view/template.rb:73:in `render_template'
/Library/Ruby/Gems/1.8/gems/actionpack-2.2.2/lib/action_view/base.rb:256:in `render'
/Library/Ruby/Gems/1.8/gems/actionpack-2.2.2/lib/action_controller/base.rb:1174:in `render_for_file'
/Library/Ruby/Gems/1.8/gems/actionpack-2.2.2/lib/action_controller/base.rb:905:in `render_without_benchmark'
/Library/Ruby/Gems/1.8/gems/actionpack-2.2.2/lib/action_controller/benchmarking.rb:51:in `render'
/Library/Ruby/Gems/1.8/gems/activesupport-2.2.2/lib/active_support/core_ext/benchmark.rb:8:in `realtime'
/Library/Ruby/Gems/1.8/gems/actionpack-2.2.2/lib/action_controller/benchmarking.rb:51:in `render'
/Library/Ruby/Gems/1.8/gems/actionpack-2.2.2/lib/action_controller/mime_responds.rb:135:in `send'
/Library/Ruby/Gems/1.8/gems/actionpack-2.2.2/lib/action_controller/mime_responds.rb:135:in `custom'
/Library/Ruby/Gems/1.8/gems/actionpack-2.2.2/lib/action_controller/mime_responds.rb:164:in `call'
/Library/Ruby/Gems/1.8/gems/actionpack-2.2.2/lib/action_controller/mime_responds.rb:164:in `respond'
/Library/Ruby/Gems/1.8/gems/actionpack-2.2.2/lib/action_controller/mime_responds.rb:158:in `each'
/Library/Ruby/Gems/1.8/gems/actionpack-2.2.2/lib/action_controller/mime_responds.rb:158:in `respond'
/Library/Ruby/Gems/1.8/gems/actionpack-2.2.2/lib/action_controller/mime_responds.rb:107:in `respond_to'
/Users/jhyland/src/snippem/app/controllers/users_controller.rb:6:in `show'
/Library/Ruby/Gems/1.8/gems/actionpack-2.2.2/lib/action_controller/base.rb:1253:in `send'
/Library/Ruby/Gems/1.8/gems/actionpack-2.2.2/lib/action_controller/base.rb:1253:in `perform_action_without_filters'
/Library/Ruby/Gems/1.8/gems/actionpack-2.2.2/lib/action_controller/filters.rb:617:in `call_filters'
/Library/Ruby/Gems/1.8/gems/actionpack-2.2.2/lib/action_controller/filters.rb:610:in `perform_action_without_benchmark'
/Library/Ruby/Gems/1.8/gems/actionpack-2.2.2/lib/action_controller/benchmarking.rb:68:in `perform_action_without_rescue'
/System/Library/Frameworks/Ruby.framework/Versions/1.8/usr/lib/ruby/1.8/benchmark.rb:293:in `measure'
/Library/Ruby/Gems/1.8/gems/actionpack-2.2.2/lib/action_controller/benchmarking.rb:68:in `perform_action_without_rescue'
/Library/Ruby/Gems/1.8/gems/actionpack-2.2.2/lib/action_controller/rescue.rb:136:in `perform_action_without_caching'
/Library/Ruby/Gems/1.8/gems/actionpack-2.2.2/lib/action_controller/caching/sql_cache.rb:13:in `perform_action'
/Library/Ruby/Gems/1.8/gems/activerecord-2.2.2/lib/active_record/connection_adapters/abstract/query_cache.rb:34:in `cache'
/Library/Ruby/Gems/1.8/gems/activerecord-2.2.2/lib/active_record/query_cache.rb:8:in `cache'
/Library/Ruby/Gems/1.8/gems/actionpack-2.2.2/lib/action_controller/caching/sql_cache.rb:12:in `perform_action'
/Library/Ruby/Gems/1.8/gems/actionpack-2.2.2/lib/action_controller/base.rb:524:in `send'
/Library/Ruby/Gems/1.8/gems/actionpack-2.2.2/lib/action_controller/base.rb:524:in `process_without_filters'
/Library/Ruby/Gems/1.8/gems/actionpack-2.2.2/lib/action_controller/filters.rb:606:in `process_without_session_management_support'
/Library/Ruby/Gems/1.8/gems/actionpack-2.2.2/lib/action_controller/session_management.rb:134:in `process'
/Library/Ruby/Gems/1.8/gems/actionpack-2.2.2/lib/action_controller/base.rb:392:in `process'
/Library/Ruby/Gems/1.8/gems/actionpack-2.2.2/lib/action_controller/dispatcher.rb:183:in `handle_request'
/Library/Ruby/Gems/1.8/gems/actionpack-2.2.2/lib/action_controller/dispatcher.rb:110:in `dispatch_unlocked'
/Library/Ruby/Gems/1.8/gems/actionpack-2.2.2/lib/action_controller/dispatcher.rb:123:in `dispatch'
/Library/Ruby/Gems/1.8/gems/actionpack-2.2.2/lib/action_controller/dispatcher.rb:122:in `synchronize'
/Library/Ruby/Gems/1.8/gems/actionpack-2.2.2/lib/action_controller/dispatcher.rb:122:in `dispatch'
/Library/Ruby/Gems/1.8/gems/actionpack-2.2.2/lib/action_controller/dispatcher.rb:132:in `dispatch_cgi'
/Library/Ruby/Gems/1.8/gems/actionpack-2.2.2/lib/action_controller/dispatcher.rb:39:in `dispatch'
/Library/Ruby/Gems/1.8/gems/mongrel-1.1.5/bin/../lib/mongrel/rails.rb:76:in `process'
/Library/Ruby/Gems/1.8/gems/mongrel-1.1.5/bin/../lib/mongrel/rails.rb:74:in `synchronize'
/Library/Ruby/Gems/1.8/gems/mongrel-1.1.5/bin/../lib/mongrel/rails.rb:74:in `process'
/Library/Ruby/Gems/1.8/gems/mongrel-1.1.5/lib/mongrel.rb:159:in `process_client'
/Library/Ruby/Gems/1.8/gems/mongrel-1.1.5/lib/mongrel.rb:158:in `each'
/Library/Ruby/Gems/1.8/gems/mongrel-1.1.5/lib/mongrel.rb:158:in `process_client'
/Library/Ruby/Gems/1.8/gems/mongrel-1.1.5/lib/mongrel.rb:285:in `run'
/Library/Ruby/Gems/1.8/gems/mongrel-1.1.5/lib/mongrel.rb:285:in `initialize'
/Library/Ruby/Gems/1.8/gems/mongrel-1.1.5/lib/mongrel.rb:285:in `new'
/Library/Ruby/Gems/1.8/gems/mongrel-1.1.5/lib/mongrel.rb:285:in `run'
/Library/Ruby/Gems/1.8/gems/mongrel-1.1.5/lib/mongrel.rb:268:in `initialize'
/Library/Ruby/Gems/1.8/gems/mongrel-1.1.5/lib/mongrel.rb:268:in `new'
/Library/Ruby/Gems/1.8/gems/mongrel-1.1.5/lib/mongrel.rb:268:in `run'
/Library/Ruby/Gems/1.8/gems/mongrel-1.1.5/lib/mongrel/configurator.rb:282:in `run'
/Library/Ruby/Gems/1.8/gems/mongrel-1.1.5/lib/mongrel/configurator.rb:281:in `each'
/Library/Ruby/Gems/1.8/gems/mongrel-1.1.5/lib/mongrel/configurator.rb:281:in `run'
/Library/Ruby/Gems/1.8/gems/mongrel-1.1.5/bin/mongrel_rails:128:in `run'
/Library/Ruby/Gems/1.8/gems/mongrel-1.1.5/lib/mongrel/command.rb:212:in `run'
/Library/Ruby/Gems/1.8/gems/mongrel-1.1.5/bin/mongrel_rails:281
/Library/Ruby/Gems/1.8/gems/activesupport-2.2.2/lib/active_support/dependencies.rb:142:in `load_without_new_constant_marking'
/Library/Ruby/Gems/1.8/gems/activesupport-2.2.2/lib/active_support/dependencies.rb:142:in `load'
/Library/Ruby/Gems/1.8/gems/activesupport-2.2.2/lib/active_support/dependencies.rb:521:in `new_constants_in'
/Library/Ruby/Gems/1.8/gems/activesupport-2.2.2/lib/active_support/dependencies.rb:142:in `load'
/Library/Ruby/Gems/1.8/gems/rails-2.2.2/lib/commands/servers/mongrel.rb:64
/Library/Ruby/Site/1.8/rubygems/custom_require.rb:31:in `gem_original_require'
/Library/Ruby/Site/1.8/rubygems/custom_require.rb:31:in `require'
/Library/Ruby/Gems/1.8/gems/activesupport-2.2.2/lib/active_support/dependencies.rb:153:in `require'
/Library/Ruby/Gems/1.8/gems/activesupport-2.2.2/lib/active_support/dependencies.rb:521:in `new_constants_in'
/Library/Ruby/Gems/1.8/gems/activesupport-2.2.2/lib/active_support/dependencies.rb:153:in `require'
/Library/Ruby/Gems/1.8/gems/rails-2.2.2/lib/commands/server.rb:49
/Library/Ruby/Site/1.8/rubygems/custom_require.rb:31:in `gem_original_require'
/Library/Ruby/Site/1.8/rubygems/custom_require.rb:31:in `require'
./script/server:3


ActionView::TemplateError (compile error
/Users/jhyland/src/snippem/app/views/users/show.html.erb:1: syntax error, unexpected kDO
            old_output_buffer = output_buffer;;@output_buffer = '';  __in_erb_template=true ;  @snippets.each |s| do ; @output_buffer.concat "\n"
                                                                                                                    ^
/Users/jhyland/src/snippem/app/views/users/show.html.erb:11: syntax error, unexpected kENSURE, expecting $end) on line #1 of app/views/users/show.html.erb:
1: <% @snippets.each |s| do %>
2: 
3:   User: <%= s.user %> <br>
4:   Date: <%= s.date %> <br>

    app/views/users/show.html.erb:11:in `compile!'
    /Library/Ruby/Gems/1.8/gems/actionpack-2.2.2/lib/action_view/renderable.rb:66:in `compile'
    /Library/Ruby/Gems/1.8/gems/actionpack-2.2.2/lib/action_view/renderable.rb:64:in `synchronize'
    /Library/Ruby/Gems/1.8/gems/actionpack-2.2.2/lib/action_view/renderable.rb:64:in `compile'
    /Library/Ruby/Gems/1.8/gems/actionpack-2.2.2/lib/action_view/renderable.rb:26:in `render'
    /Library/Ruby/Gems/1.8/gems/actionpack-2.2.2/lib/action_view/template.rb:73:in `render_template'
    /Library/Ruby/Gems/1.8/gems/actionpack-2.2.2/lib/action_view/base.rb:256:in `render'
    /Library/Ruby/Gems/1.8/gems/actionpack-2.2.2/lib/action_controller/base.rb:1174:in `render_for_file'
    /Library/Ruby/Gems/1.8/gems/actionpack-2.2.2/lib/action_controller/base.rb:905:in `render_without_benchmark'
    /Library/Ruby/Gems/1.8/gems/actionpack-2.2.2/lib/action_controller/benchmarking.rb:51:in `render'
    /Library/Ruby/Gems/1.8/gems/activesupport-2.2.2/lib/active_support/core_ext/benchmark.rb:8:in `realtime'
    /Library/Ruby/Gems/1.8/gems/actionpack-2.2.2/lib/action_controller/benchmarking.rb:51:in `render'
    /Library/Ruby/Gems/1.8/gems/actionpack-2.2.2/lib/action_controller/mime_responds.rb:135:in `send'
    /Library/Ruby/Gems/1.8/gems/actionpack-2.2.2/lib/action_controller/mime_responds.rb:135:in `custom'
    /Library/Ruby/Gems/1.8/gems/actionpack-2.2.2/lib/action_controller/mime_responds.rb:164:in `call'
    /Library/Ruby/Gems/1.8/gems/actionpack-2.2.2/lib/action_controller/mime_responds.rb:164:in `respond'
    /Library/Ruby/Gems/1.8/gems/actionpack-2.2.2/lib/action_controller/mime_responds.rb:158:in `each'
    /Library/Ruby/Gems/1.8/gems/actionpack-2.2.2/lib/action_controller/mime_responds.rb:158:in `respond'
    /Library/Ruby/Gems/1.8/gems/actionpack-2.2.2/lib/action_controller/mime_responds.rb:107:in `respond_to'
    app/controllers/users_controller.rb:6:in `show'
    /Library/Ruby/Gems/1.8/gems/actionpack-2.2.2/lib/action_controller/base.rb:1253:in `send'
    /Library/Ruby/Gems/1.8/gems/actionpack-2.2.2/lib/action_controller/base.rb:1253:in `perform_action_without_filters'
    /Library/Ruby/Gems/1.8/gems/actionpack-2.2.2/lib/action_controller/filters.rb:617:in `call_filters'
    /Library/Ruby/Gems/1.8/gems/actionpack-2.2.2/lib/action_controller/filters.rb:610:in `perform_action_without_benchmark'
    /Library/Ruby/Gems/1.8/gems/actionpack-2.2.2/lib/action_controller/benchmarking.rb:68:in `perform_action_without_rescue'
    /System/Library/Frameworks/Ruby.framework/Versions/1.8/usr/lib/ruby/1.8/benchmark.rb:293:in `measure'
    /Library/Ruby/Gems/1.8/gems/actionpack-2.2.2/lib/action_controller/benchmarking.rb:68:in `perform_action_without_rescue'
    /Library/Ruby/Gems/1.8/gems/actionpack-2.2.2/lib/action_controller/rescue.rb:136:in `perform_action_without_caching'
    /Library/Ruby/Gems/1.8/gems/actionpack-2.2.2/lib/action_controller/caching/sql_cache.rb:13:in `perform_action'
    /Library/Ruby/Gems/1.8/gems/activerecord-2.2.2/lib/active_record/connection_adapters/abstract/query_cache.rb:34:in `cache'
    /Library/Ruby/Gems/1.8/gems/activerecord-2.2.2/lib/active_record/query_cache.rb:8:in `cache'
    /Library/Ruby/Gems/1.8/gems/actionpack-2.2.2/lib/action_controller/caching/sql_cache.rb:12:in `perform_action'
    /Library/Ruby/Gems/1.8/gems/actionpack-2.2.2/lib/action_controller/base.rb:524:in `send'
    /Library/Ruby/Gems/1.8/gems/actionpack-2.2.2/lib/action_controller/base.rb:524:in `process_without_filters'
    /Library/Ruby/Gems/1.8/gems/actionpack-2.2.2/lib/action_controller/filters.rb:606:in `process_without_session_management_support'
    /Library/Ruby/Gems/1.8/gems/actionpack-2.2.2/lib/action_controller/session_management.rb:134:in `process'
    /Library/Ruby/Gems/1.8/gems/actionpack-2.2.2/lib/action_controller/base.rb:392:in `process'
    /Library/Ruby/Gems/1.8/gems/actionpack-2.2.2/lib/action_controller/dispatcher.rb:183:in `handle_request'
    /Library/Ruby/Gems/1.8/gems/actionpack-2.2.2/lib/action_controller/dispatcher.rb:110:in `dispatch_unlocked'
    /Library/Ruby/Gems/1.8/gems/actionpack-2.2.2/lib/action_controller/dispatcher.rb:123:in `dispatch'
    /Library/Ruby/Gems/1.8/gems/actionpack-2.2.2/lib/action_controller/dispatcher.rb:122:in `synchronize'
    /Library/Ruby/Gems/1.8/gems/actionpack-2.2.2/lib/action_controller/dispatcher.rb:122:in `dispatch'
    /Library/Ruby/Gems/1.8/gems/actionpack-2.2.2/lib/action_controller/dispatcher.rb:132:in `dispatch_cgi'
    /Library/Ruby/Gems/1.8/gems/actionpack-2.2.2/lib/action_controller/dispatcher.rb:39:in `dispatch'
    /Library/Ruby/Gems/1.8/gems/mongrel-1.1.5/lib/mongrel/rails.rb:76:in `process'
    /Library/Ruby/Gems/1.8/gems/mongrel-1.1.5/lib/mongrel/rails.rb:74:in `synchronize'
    /Library/Ruby/Gems/1.8/gems/mongrel-1.1.5/lib/mongrel/rails.rb:74:in `process'
    /Library/Ruby/Gems/1.8/gems/mongrel-1.1.5/lib/mongrel.rb:159:in `process_client'
    /Library/Ruby/Gems/1.8/gems/mongrel-1.1.5/lib/mongrel.rb:158:in `each'
    /Library/Ruby/Gems/1.8/gems/mongrel-1.1.5/lib/mongrel.rb:158:in `process_client'
    /Library/Ruby/Gems/1.8/gems/mongrel-1.1.5/lib/mongrel.rb:285:in `run'
    /Library/Ruby/Gems/1.8/gems/mongrel-1.1.5/lib/mongrel.rb:285:in `initialize'
    /Library/Ruby/Gems/1.8/gems/mongrel-1.1.5/lib/mongrel.rb:285:in `new'
    /Library/Ruby/Gems/1.8/gems/mongrel-1.1.5/lib/mongrel.rb:285:in `run'
    /Library/Ruby/Gems/1.8/gems/mongrel-1.1.5/lib/mongrel.rb:268:in `initialize'
    /Library/Ruby/Gems/1.8/gems/mongrel-1.1.5/lib/mongrel.rb:268:in `new'
    /Library/Ruby/Gems/1.8/gems/mongrel-1.1.5/lib/mongrel.rb:268:in `run'
    /Library/Ruby/Gems/1.8/gems/mongrel-1.1.5/lib/mongrel/configurator.rb:282:in `run'
    /Library/Ruby/Gems/1.8/gems/mongrel-1.1.5/lib/mongrel/configurator.rb:281:in `each'
    /Library/Ruby/Gems/1.8/gems/mongrel-1.1.5/lib/mongrel/configurator.rb:281:in `run'
    /Library/Ruby/Gems/1.8/gems/mongrel-1.1.5/bin/mongrel_rails:128:in `run'
    /Library/Ruby/Gems/1.8/gems/mongrel-1.1.5/lib/mongrel/command.rb:212:in `run'
    /Library/Ruby/Gems/1.8/gems/mongrel-1.1.5/bin/mongrel_rails:281
    /Library/Ruby/Gems/1.8/gems/activesupport-2.2.2/lib/active_support/dependencies.rb:142:in `load_without_new_constant_marking'
    /Library/Ruby/Gems/1.8/gems/activesupport-2.2.2/lib/active_support/dependencies.rb:142:in `load'
    /Library/Ruby/Gems/1.8/gems/activesupport-2.2.2/lib/active_support/dependencies.rb:521:in `new_constants_in'
    /Library/Ruby/Gems/1.8/gems/activesupport-2.2.2/lib/active_support/dependencies.rb:142:in `load'
    /Library/Ruby/Gems/1.8/gems/rails-2.2.2/lib/commands/servers/mongrel.rb:64
    /Library/Ruby/Site/1.8/rubygems/custom_require.rb:31:in `gem_original_require'
    /Library/Ruby/Site/1.8/rubygems/custom_require.rb:31:in `require'
    /Library/Ruby/Gems/1.8/gems/activesupport-2.2.2/lib/active_support/dependencies.rb:153:in `require'
    /Library/Ruby/Gems/1.8/gems/activesupport-2.2.2/lib/active_support/dependencies.rb:521:in `new_constants_in'
    /Library/Ruby/Gems/1.8/gems/activesupport-2.2.2/lib/active_support/dependencies.rb:153:in `require'
    /Library/Ruby/Gems/1.8/gems/rails-2.2.2/lib/commands/server.rb:49
    /Library/Ruby/Site/1.8/rubygems/custom_require.rb:31:in `gem_original_require'
    /Library/Ruby/Site/1.8/rubygems/custom_require.rb:31:in `require'
    script/server:3

Rendered /Library/Ruby/Gems/1.8/gems/actionpack-2.2.2/lib/action_controller/templates/rescues/_trace (35.7ms)
Rendered /Library/Ruby/Gems/1.8/gems/actionpack-2.2.2/lib/action_controller/templates/rescues/_request_and_response (0.7ms)
Rendering /Library/Ruby/Gems/1.8/gems/actionpack-2.2.2/lib/action_controller/templates/rescues/layout.erb (internal_server_error)


Processing UsersController#show (for 127.0.0.1 at 2009-01-15 18:24:39) [GET]
  Parameters: {"id"=>"jhyland"}
  [4;36;1mSnippet Load (0.2ms)[0m   [0;1mSELECT * FROM "snippets" WHERE ("snippets"."user" = 'jhyland') [0m
Rendering users/show


ActionView::TemplateError (undefined method `date' for #<Snippet:0x2419158>) on line #4 of app/views/users/show.html.erb:
1: <% @snippets.each do |s| %>
2: 
3:   User: <%= s.user %> <br>
4:   Date: <%= s.date %> <br>
5:   Title: <%= s.title %> <br>
6: 
7:   <p> <%= s.contents %> </p>

    /Library/Ruby/Gems/1.8/gems/activerecord-2.2.2/lib/active_record/attribute_methods.rb:260:in `method_missing'
    app/views/users/show.html.erb:4
    app/views/users/show.html.erb:1:in `each'
    app/views/users/show.html.erb:1
    /Library/Ruby/Gems/1.8/gems/actionpack-2.2.2/lib/action_view/renderable.rb:39:in `send'
    /Library/Ruby/Gems/1.8/gems/actionpack-2.2.2/lib/action_view/renderable.rb:39:in `render'
    /Library/Ruby/Gems/1.8/gems/actionpack-2.2.2/lib/action_view/template.rb:73:in `render_template'
    /Library/Ruby/Gems/1.8/gems/actionpack-2.2.2/lib/action_view/base.rb:256:in `render'
    /Library/Ruby/Gems/1.8/gems/actionpack-2.2.2/lib/action_controller/base.rb:1174:in `render_for_file'
    /Library/Ruby/Gems/1.8/gems/actionpack-2.2.2/lib/action_controller/base.rb:905:in `render_without_benchmark'
    /Library/Ruby/Gems/1.8/gems/actionpack-2.2.2/lib/action_controller/benchmarking.rb:51:in `render'
    /Library/Ruby/Gems/1.8/gems/activesupport-2.2.2/lib/active_support/core_ext/benchmark.rb:8:in `realtime'
    /Library/Ruby/Gems/1.8/gems/actionpack-2.2.2/lib/action_controller/benchmarking.rb:51:in `render'
    /Library/Ruby/Gems/1.8/gems/actionpack-2.2.2/lib/action_controller/mime_responds.rb:135:in `send'
    /Library/Ruby/Gems/1.8/gems/actionpack-2.2.2/lib/action_controller/mime_responds.rb:135:in `custom'
    /Library/Ruby/Gems/1.8/gems/actionpack-2.2.2/lib/action_controller/mime_responds.rb:164:in `call'
    /Library/Ruby/Gems/1.8/gems/actionpack-2.2.2/lib/action_controller/mime_responds.rb:164:in `respond'
    /Library/Ruby/Gems/1.8/gems/actionpack-2.2.2/lib/action_controller/mime_responds.rb:158:in `each'
    /Library/Ruby/Gems/1.8/gems/actionpack-2.2.2/lib/action_controller/mime_responds.rb:158:in `respond'
    /Library/Ruby/Gems/1.8/gems/actionpack-2.2.2/lib/action_controller/mime_responds.rb:107:in `respond_to'
    app/controllers/users_controller.rb:6:in `show'
    /Library/Ruby/Gems/1.8/gems/actionpack-2.2.2/lib/action_controller/base.rb:1253:in `send'
    /Library/Ruby/Gems/1.8/gems/actionpack-2.2.2/lib/action_controller/base.rb:1253:in `perform_action_without_filters'
    /Library/Ruby/Gems/1.8/gems/actionpack-2.2.2/lib/action_controller/filters.rb:617:in `call_filters'
    /Library/Ruby/Gems/1.8/gems/actionpack-2.2.2/lib/action_controller/filters.rb:610:in `perform_action_without_benchmark'
    /Library/Ruby/Gems/1.8/gems/actionpack-2.2.2/lib/action_controller/benchmarking.rb:68:in `perform_action_without_rescue'
    /System/Library/Frameworks/Ruby.framework/Versions/1.8/usr/lib/ruby/1.8/benchmark.rb:293:in `measure'
    /Library/Ruby/Gems/1.8/gems/actionpack-2.2.2/lib/action_controller/benchmarking.rb:68:in `perform_action_without_rescue'
    /Library/Ruby/Gems/1.8/gems/actionpack-2.2.2/lib/action_controller/rescue.rb:136:in `perform_action_without_caching'
    /Library/Ruby/Gems/1.8/gems/actionpack-2.2.2/lib/action_controller/caching/sql_cache.rb:13:in `perform_action'
    /Library/Ruby/Gems/1.8/gems/activerecord-2.2.2/lib/active_record/connection_adapters/abstract/query_cache.rb:34:in `cache'
    /Library/Ruby/Gems/1.8/gems/activerecord-2.2.2/lib/active_record/query_cache.rb:8:in `cache'
    /Library/Ruby/Gems/1.8/gems/actionpack-2.2.2/lib/action_controller/caching/sql_cache.rb:12:in `perform_action'
    /Library/Ruby/Gems/1.8/gems/actionpack-2.2.2/lib/action_controller/base.rb:524:in `send'
    /Library/Ruby/Gems/1.8/gems/actionpack-2.2.2/lib/action_controller/base.rb:524:in `process_without_filters'
    /Library/Ruby/Gems/1.8/gems/actionpack-2.2.2/lib/action_controller/filters.rb:606:in `process_without_session_management_support'
    /Library/Ruby/Gems/1.8/gems/actionpack-2.2.2/lib/action_controller/session_management.rb:134:in `process'
    /Library/Ruby/Gems/1.8/gems/actionpack-2.2.2/lib/action_controller/base.rb:392:in `process'
    /Library/Ruby/Gems/1.8/gems/actionpack-2.2.2/lib/action_controller/dispatcher.rb:183:in `handle_request'
    /Library/Ruby/Gems/1.8/gems/actionpack-2.2.2/lib/action_controller/dispatcher.rb:110:in `dispatch_unlocked'
    /Library/Ruby/Gems/1.8/gems/actionpack-2.2.2/lib/action_controller/dispatcher.rb:123:in `dispatch'
    /Library/Ruby/Gems/1.8/gems/actionpack-2.2.2/lib/action_controller/dispatcher.rb:122:in `synchronize'
    /Library/Ruby/Gems/1.8/gems/actionpack-2.2.2/lib/action_controller/dispatcher.rb:122:in `dispatch'
    /Library/Ruby/Gems/1.8/gems/actionpack-2.2.2/lib/action_controller/dispatcher.rb:132:in `dispatch_cgi'
    /Library/Ruby/Gems/1.8/gems/actionpack-2.2.2/lib/action_controller/dispatcher.rb:39:in `dispatch'
    /Library/Ruby/Gems/1.8/gems/mongrel-1.1.5/lib/mongrel/rails.rb:76:in `process'
    /Library/Ruby/Gems/1.8/gems/mongrel-1.1.5/lib/mongrel/rails.rb:74:in `synchronize'
    /Library/Ruby/Gems/1.8/gems/mongrel-1.1.5/lib/mongrel/rails.rb:74:in `process'
    /Library/Ruby/Gems/1.8/gems/mongrel-1.1.5/lib/mongrel.rb:159:in `process_client'
    /Library/Ruby/Gems/1.8/gems/mongrel-1.1.5/lib/mongrel.rb:158:in `each'
    /Library/Ruby/Gems/1.8/gems/mongrel-1.1.5/lib/mongrel.rb:158:in `process_client'
    /Library/Ruby/Gems/1.8/gems/mongrel-1.1.5/lib/mongrel.rb:285:in `run'
    /Library/Ruby/Gems/1.8/gems/mongrel-1.1.5/lib/mongrel.rb:285:in `initialize'
    /Library/Ruby/Gems/1.8/gems/mongrel-1.1.5/lib/mongrel.rb:285:in `new'
    /Library/Ruby/Gems/1.8/gems/mongrel-1.1.5/lib/mongrel.rb:285:in `run'
    /Library/Ruby/Gems/1.8/gems/mongrel-1.1.5/lib/mongrel.rb:268:in `initialize'
    /Library/Ruby/Gems/1.8/gems/mongrel-1.1.5/lib/mongrel.rb:268:in `new'
    /Library/Ruby/Gems/1.8/gems/mongrel-1.1.5/lib/mongrel.rb:268:in `run'
    /Library/Ruby/Gems/1.8/gems/mongrel-1.1.5/lib/mongrel/configurator.rb:282:in `run'
    /Library/Ruby/Gems/1.8/gems/mongrel-1.1.5/lib/mongrel/configurator.rb:281:in `each'
    /Library/Ruby/Gems/1.8/gems/mongrel-1.1.5/lib/mongrel/configurator.rb:281:in `run'
    /Library/Ruby/Gems/1.8/gems/mongrel-1.1.5/bin/mongrel_rails:128:in `run'
    /Library/Ruby/Gems/1.8/gems/mongrel-1.1.5/lib/mongrel/command.rb:212:in `run'
    /Library/Ruby/Gems/1.8/gems/mongrel-1.1.5/bin/mongrel_rails:281
    /Library/Ruby/Gems/1.8/gems/activesupport-2.2.2/lib/active_support/dependencies.rb:142:in `load_without_new_constant_marking'
    /Library/Ruby/Gems/1.8/gems/activesupport-2.2.2/lib/active_support/dependencies.rb:142:in `load'
    /Library/Ruby/Gems/1.8/gems/activesupport-2.2.2/lib/active_support/dependencies.rb:521:in `new_constants_in'
    /Library/Ruby/Gems/1.8/gems/activesupport-2.2.2/lib/active_support/dependencies.rb:142:in `load'
    /Library/Ruby/Gems/1.8/gems/rails-2.2.2/lib/commands/servers/mongrel.rb:64
    /Library/Ruby/Site/1.8/rubygems/custom_require.rb:31:in `gem_original_require'
    /Library/Ruby/Site/1.8/rubygems/custom_require.rb:31:in `require'
    /Library/Ruby/Gems/1.8/gems/activesupport-2.2.2/lib/active_support/dependencies.rb:153:in `require'
    /Library/Ruby/Gems/1.8/gems/activesupport-2.2.2/lib/active_support/dependencies.rb:521:in `new_constants_in'
    /Library/Ruby/Gems/1.8/gems/activesupport-2.2.2/lib/active_support/dependencies.rb:153:in `require'
    /Library/Ruby/Gems/1.8/gems/rails-2.2.2/lib/commands/server.rb:49
    /Library/Ruby/Site/1.8/rubygems/custom_require.rb:31:in `gem_original_require'
    /Library/Ruby/Site/1.8/rubygems/custom_require.rb:31:in `require'
    script/server:3

Rendered /Library/Ruby/Gems/1.8/gems/actionpack-2.2.2/lib/action_controller/templates/rescues/_trace (30.4ms)
Rendered /Library/Ruby/Gems/1.8/gems/actionpack-2.2.2/lib/action_controller/templates/rescues/_request_and_response (0.6ms)
Rendering /Library/Ruby/Gems/1.8/gems/actionpack-2.2.2/lib/action_controller/templates/rescues/layout.erb (internal_server_error)


Processing UsersController#show (for 127.0.0.1 at 2009-01-15 18:24:54) [GET]
  Parameters: {"id"=>"jhyland"}
  [4;35;1mSnippet Load (0.2ms)[0m   [0mSELECT * FROM "snippets" WHERE ("snippets"."user" = 'jhyland') [0m
Rendering users/show
Completed in 111ms (View: 106, DB: 0) | 200 OK [http://localhost/users/jhyland]


Processing UsersController#show (for 127.0.0.1 at 2009-01-15 18:25:04) [GET]
  Parameters: {"id"=>"jhyland"}
  [4;36;1mSnippet Load (0.2ms)[0m   [0;1mSELECT * FROM "snippets" WHERE ("snippets"."user" = 'jhyland') [0m
Rendering users/show
Completed in 7ms (View: 2, DB: 0) | 200 OK [http://localhost/users/jhyland]
  [4;36;1mSQL (0.5ms)[0m   [0;1m SELECT name
 FROM sqlite_master
 WHERE type = 'table' AND NOT name = 'sqlite_sequence'
[0m
  [4;35;1mSQL (0.1ms)[0m   [0mSELECT version FROM schema_migrations[0m
  [4;36;1mSQL (0.1ms)[0m   [0;1mselect sqlite_version(*)[0m
  [4;35;1mSQL (0.2ms)[0m   [0m SELECT name
 FROM sqlite_master
 WHERE type = 'table' AND NOT name = 'sqlite_sequence'
[0m
  [4;36;1mSQL (2.8ms)[0m   [0;1mCREATE TABLE "snippets" ("id" INTEGER PRIMARY KEY AUTOINCREMENT NOT NULL, "user" varchar(255), "title" varchar(255), "contents" text, "created_at" datetime, "updated_at" datetime) [0m
  [4;35;1mSQL (0.3ms)[0m   [0m SELECT name
 FROM sqlite_master
 WHERE type = 'table' AND NOT name = 'sqlite_sequence'
[0m
  [4;36;1mSQL (2.1ms)[0m   [0;1mCREATE TABLE "users" ("id" INTEGER PRIMARY KEY AUTOINCREMENT NOT NULL, "created_at" datetime, "updated_at" datetime) [0m
  [4;35;1mSQL (0.3ms)[0m   [0m SELECT name
 FROM sqlite_master
 WHERE type = 'table' AND NOT name = 'sqlite_sequence'
[0m
  [4;36;1mSQL (2.7ms)[0m   [0;1mCREATE TABLE "schema_migrations" ("version" varchar(255) NOT NULL) [0m
  [4;35;1mSQL (2.9ms)[0m   [0mCREATE UNIQUE INDEX "unique_schema_migrations" ON "schema_migrations" ("version")[0m
  [4;36;1mSQL (0.7ms)[0m   [0;1m SELECT name
 FROM sqlite_master
 WHERE type = 'table' AND NOT name = 'sqlite_sequence'
[0m
  [4;35;1mSQL (0.3ms)[0m   [0mSELECT version FROM "schema_migrations"[0m
  [4;36;1mSQL (2.5ms)[0m   [0;1mINSERT INTO "schema_migrations" (version) VALUES ('20090115231314')[0m
  [4;35;1mSQL (2.6ms)[0m   [0mINSERT INTO "schema_migrations" (version) VALUES ('20090115231220')[0m
  [4;36;1mSQL (0.4ms)[0m   [0;1m SELECT name
 FROM sqlite_master
 WHERE type = 'table' AND NOT name = 'sqlite_sequence'
[0m
  [4;35;1mSQL (0.1ms)[0m   [0mSELECT version FROM schema_migrations[0m
  [4;36;1mSQL (0.1ms)[0m   [0;1mselect sqlite_version(*)[0m
  [4;35;1mSQL (0.2ms)[0m   [0m SELECT name
 FROM sqlite_master
 WHERE type = 'table' AND NOT name = 'sqlite_sequence'
[0m
  [4;36;1mSQL (3.5ms)[0m   [0;1mCREATE TABLE "snippets" ("id" INTEGER PRIMARY KEY AUTOINCREMENT NOT NULL, "user" varchar(255), "title" varchar(255), "contents" text, "created_at" datetime, "updated_at" datetime) [0m
  [4;35;1mSQL (0.4ms)[0m   [0m SELECT name
 FROM sqlite_master
 WHERE type = 'table' AND NOT name = 'sqlite_sequence'
[0m
  [4;36;1mSQL (2.4ms)[0m   [0;1mCREATE TABLE "users" ("id" INTEGER PRIMARY KEY AUTOINCREMENT NOT NULL, "created_at" datetime, "updated_at" datetime) [0m
  [4;35;1mSQL (0.2ms)[0m   [0m SELECT name
 FROM sqlite_master
 WHERE type = 'table' AND NOT name = 'sqlite_sequence'
[0m
  [4;36;1mSQL (2.0ms)[0m   [0;1mCREATE TABLE "schema_migrations" ("version" varchar(255) NOT NULL) [0m
  [4;35;1mSQL (3.0ms)[0m   [0mCREATE UNIQUE INDEX "unique_schema_migrations" ON "schema_migrations" ("version")[0m
  [4;36;1mSQL (0.5ms)[0m   [0;1m SELECT name
 FROM sqlite_master
 WHERE type = 'table' AND NOT name = 'sqlite_sequence'
[0m
  [4;35;1mSQL (0.2ms)[0m   [0mSELECT version FROM "schema_migrations"[0m
  [4;36;1mSQL (2.7ms)[0m   [0;1mINSERT INTO "schema_migrations" (version) VALUES ('20090115231314')[0m
  [4;35;1mSQL (2.8ms)[0m   [0mINSERT INTO "schema_migrations" (version) VALUES ('20090115231220')[0m


Processing UsersController#show (for 127.0.0.1 at 2009-01-15 18:34:55) [GET]
  Parameters: {"id"=>"jhyland"}
  [4;35;1mSnippet Load (0.1ms)[0m   [0mSELECT * FROM "snippets" WHERE ("snippets"."user" IS NULL) [0m
Rendering users/show
Completed in 6ms (View: 1, DB: 0) | 200 OK [http://localhost/users/jhyland]


Processing UsersController#show (for 127.0.0.1 at 2009-01-15 18:34:59) [GET]
  Parameters: {"id"=>"jhyland"}
  [4;36;1mSnippet Load (0.1ms)[0m   [0;1mSELECT * FROM "snippets" WHERE ("snippets"."user" IS NULL) [0m
Rendering users/show
Completed in 6ms (View: 1, DB: 0) | 200 OK [http://localhost/users/jhyland]


Processing UsersController#show (for 127.0.0.1 at 2009-01-15 18:35:00) [GET]
  Parameters: {"id"=>"jhyland"}
  [4;35;1mSnippet Load (0.1ms)[0m   [0mSELECT * FROM "snippets" WHERE ("snippets"."user" IS NULL) [0m
Rendering users/show
Completed in 7ms (View: 1, DB: 0) | 200 OK [http://localhost/users/jhyland]


Processing SnippetsController#index (for 127.0.0.1 at 2009-01-15 18:35:11) [GET]
  [4;36;1mSnippet Load (0.5ms)[0m   [0;1mSELECT * FROM "snippets" [0m
Rendering template within layouts/snippets
Rendering snippets/index
Completed in 11ms (View: 7, DB: 1) | 200 OK [http://localhost/snippets]


Processing UsersController#show (for 127.0.0.1 at 2009-01-15 18:35:27) [GET]
  Parameters: {"id"=>"jhyland"}
  [4;35;1mSnippet Load (0.1ms)[0m   [0mSELECT * FROM "snippets" WHERE ("snippets"."user" IS NULL) [0m
Rendering users/show
Completed in 6ms (View: 1, DB: 0) | 200 OK [http://localhost/users/jhyland]


Processing UsersController#show (for 127.0.0.1 at 2009-01-15 18:38:06) [GET]
  Parameters: {"id"=>"jhyland"}
  [4;36;1mSnippet Load (0.2ms)[0m   [0;1mSELECT * FROM "snippets" WHERE ("snippets"."user" = 'jhyland') [0m
Rendering users/show
Completed in 7ms (View: 2, DB: 0) | 200 OK [http://localhost/users/jhyland]


Processing UsersController#show (for 127.0.0.1 at 2009-01-15 18:38:16) [GET]
  Parameters: {"id"=>"jhyland"}
  [4;35;1mSnippet Load (0.2ms)[0m   [0mSELECT * FROM "snippets" WHERE ("snippets"."user" = 'jhyland') [0m
Rendering users/show
Completed in 7ms (View: 2, DB: 0) | 200 OK [http://localhost/users/jhyland]


Processing UsersController#show (for 127.0.0.1 at 2009-01-15 18:38:58) [GET]
  Parameters: {"id"=>"jhyland"}
  [4;36;1mSnippet Load (0.2ms)[0m   [0;1mSELECT * FROM "snippets" WHERE ("snippets"."user" = 'jhyland') [0m
Rendering users/show
ERROR: compiling _run_erb_app47views47users47show46html46erb RAISED compile error
/Users/jhyland/src/snippem/app/views/users/show.html.erb:4: syntax error, unexpected ')'
@output_buffer.concat "  "; @output_buffer.concat(( div_for @snippet do ).to_s); @output_buffer.concat "\n"
                                                                         ^
/Users/jhyland/src/snippem/app/views/users/show.html.erb:11: syntax error, unexpected kEND, expecting ')'
 end ; @output_buffer.concat "\n"
    ^
/Users/jhyland/src/snippem/app/views/users/show.html.erb:13: syntax error, unexpected kENSURE, expecting ')'
/Users/jhyland/src/snippem/app/views/users/show.html.erb:15: syntax error, unexpected kEND, expecting ')'
Function body:           def _run_erb_app47views47users47show46html46erb(local_assigns)
            old_output_buffer = output_buffer;;@output_buffer = '';  __in_erb_template=true ; @output_buffer.concat "<h1>Snippets for "; @output_buffer.concat(( @user ).to_s); @output_buffer.concat "</h1>\n"
@output_buffer.concat "\n"
 @snippets.each do |s| ; @output_buffer.concat "\n"
@output_buffer.concat "  "; @output_buffer.concat(( div_for @snippet do ).to_s); @output_buffer.concat "\n"
@output_buffer.concat "    Date: "; @output_buffer.concat(( s.created_at ).to_s); @output_buffer.concat " <br>\n"
@output_buffer.concat "    Title: "; @output_buffer.concat(( s.title ).to_s); @output_buffer.concat " <br>\n"
@output_buffer.concat "\n"
@output_buffer.concat "    <p> "; @output_buffer.concat(( s.contents ).to_s); @output_buffer.concat " </p>\n"
@output_buffer.concat "  ";  end ; @output_buffer.concat "\n"
@output_buffer.concat "\n"
 end ; @output_buffer.concat "\n"
@output_buffer
          ensure
            self.output_buffer = old_output_buffer
          end
Backtrace: /Users/jhyland/src/snippem/app/views/users/show.html.erb:15:in `compile!'
/Library/Ruby/Gems/1.8/gems/actionpack-2.2.2/lib/action_view/renderable.rb:66:in `compile'
/Library/Ruby/Gems/1.8/gems/actionpack-2.2.2/lib/action_view/renderable.rb:64:in `synchronize'
/Library/Ruby/Gems/1.8/gems/actionpack-2.2.2/lib/action_view/renderable.rb:64:in `compile'
/Library/Ruby/Gems/1.8/gems/actionpack-2.2.2/lib/action_view/renderable.rb:26:in `render'
/Library/Ruby/Gems/1.8/gems/actionpack-2.2.2/lib/action_view/template.rb:73:in `render_template'
/Library/Ruby/Gems/1.8/gems/actionpack-2.2.2/lib/action_view/base.rb:256:in `render'
/Library/Ruby/Gems/1.8/gems/actionpack-2.2.2/lib/action_controller/base.rb:1174:in `render_for_file'
/Library/Ruby/Gems/1.8/gems/actionpack-2.2.2/lib/action_controller/base.rb:905:in `render_without_benchmark'
/Library/Ruby/Gems/1.8/gems/actionpack-2.2.2/lib/action_controller/benchmarking.rb:51:in `render'
/Library/Ruby/Gems/1.8/gems/activesupport-2.2.2/lib/active_support/core_ext/benchmark.rb:8:in `realtime'
/Library/Ruby/Gems/1.8/gems/actionpack-2.2.2/lib/action_controller/benchmarking.rb:51:in `render'
/Library/Ruby/Gems/1.8/gems/actionpack-2.2.2/lib/action_controller/mime_responds.rb:135:in `send'
/Library/Ruby/Gems/1.8/gems/actionpack-2.2.2/lib/action_controller/mime_responds.rb:135:in `custom'
/Library/Ruby/Gems/1.8/gems/actionpack-2.2.2/lib/action_controller/mime_responds.rb:164:in `call'
/Library/Ruby/Gems/1.8/gems/actionpack-2.2.2/lib/action_controller/mime_responds.rb:164:in `respond'
/Library/Ruby/Gems/1.8/gems/actionpack-2.2.2/lib/action_controller/mime_responds.rb:158:in `each'
/Library/Ruby/Gems/1.8/gems/actionpack-2.2.2/lib/action_controller/mime_responds.rb:158:in `respond'
/Library/Ruby/Gems/1.8/gems/actionpack-2.2.2/lib/action_controller/mime_responds.rb:107:in `respond_to'
/Users/jhyland/src/snippem/app/controllers/users_controller.rb:7:in `show'
/Library/Ruby/Gems/1.8/gems/actionpack-2.2.2/lib/action_controller/base.rb:1253:in `send'
/Library/Ruby/Gems/1.8/gems/actionpack-2.2.2/lib/action_controller/base.rb:1253:in `perform_action_without_filters'
/Library/Ruby/Gems/1.8/gems/actionpack-2.2.2/lib/action_controller/filters.rb:617:in `call_filters'
/Library/Ruby/Gems/1.8/gems/actionpack-2.2.2/lib/action_controller/filters.rb:610:in `perform_action_without_benchmark'
/Library/Ruby/Gems/1.8/gems/actionpack-2.2.2/lib/action_controller/benchmarking.rb:68:in `perform_action_without_rescue'
/System/Library/Frameworks/Ruby.framework/Versions/1.8/usr/lib/ruby/1.8/benchmark.rb:293:in `measure'
/Library/Ruby/Gems/1.8/gems/actionpack-2.2.2/lib/action_controller/benchmarking.rb:68:in `perform_action_without_rescue'
/Library/Ruby/Gems/1.8/gems/actionpack-2.2.2/lib/action_controller/rescue.rb:136:in `perform_action_without_caching'
/Library/Ruby/Gems/1.8/gems/actionpack-2.2.2/lib/action_controller/caching/sql_cache.rb:13:in `perform_action'
/Library/Ruby/Gems/1.8/gems/activerecord-2.2.2/lib/active_record/connection_adapters/abstract/query_cache.rb:34:in `cache'
/Library/Ruby/Gems/1.8/gems/activerecord-2.2.2/lib/active_record/query_cache.rb:8:in `cache'
/Library/Ruby/Gems/1.8/gems/actionpack-2.2.2/lib/action_controller/caching/sql_cache.rb:12:in `perform_action'
/Library/Ruby/Gems/1.8/gems/actionpack-2.2.2/lib/action_controller/base.rb:524:in `send'
/Library/Ruby/Gems/1.8/gems/actionpack-2.2.2/lib/action_controller/base.rb:524:in `process_without_filters'
/Library/Ruby/Gems/1.8/gems/actionpack-2.2.2/lib/action_controller/filters.rb:606:in `process_without_session_management_support'
/Library/Ruby/Gems/1.8/gems/actionpack-2.2.2/lib/action_controller/session_management.rb:134:in `process'
/Library/Ruby/Gems/1.8/gems/actionpack-2.2.2/lib/action_controller/base.rb:392:in `process'
/Library/Ruby/Gems/1.8/gems/actionpack-2.2.2/lib/action_controller/dispatcher.rb:183:in `handle_request'
/Library/Ruby/Gems/1.8/gems/actionpack-2.2.2/lib/action_controller/dispatcher.rb:110:in `dispatch_unlocked'
/Library/Ruby/Gems/1.8/gems/actionpack-2.2.2/lib/action_controller/dispatcher.rb:123:in `dispatch'
/Library/Ruby/Gems/1.8/gems/actionpack-2.2.2/lib/action_controller/dispatcher.rb:122:in `synchronize'
/Library/Ruby/Gems/1.8/gems/actionpack-2.2.2/lib/action_controller/dispatcher.rb:122:in `dispatch'
/Library/Ruby/Gems/1.8/gems/actionpack-2.2.2/lib/action_controller/dispatcher.rb:132:in `dispatch_cgi'
/Library/Ruby/Gems/1.8/gems/actionpack-2.2.2/lib/action_controller/dispatcher.rb:39:in `dispatch'
/Library/Ruby/Gems/1.8/gems/mongrel-1.1.5/bin/../lib/mongrel/rails.rb:76:in `process'
/Library/Ruby/Gems/1.8/gems/mongrel-1.1.5/bin/../lib/mongrel/rails.rb:74:in `synchronize'
/Library/Ruby/Gems/1.8/gems/mongrel-1.1.5/bin/../lib/mongrel/rails.rb:74:in `process'
/Library/Ruby/Gems/1.8/gems/mongrel-1.1.5/lib/mongrel.rb:159:in `process_client'
/Library/Ruby/Gems/1.8/gems/mongrel-1.1.5/lib/mongrel.rb:158:in `each'
/Library/Ruby/Gems/1.8/gems/mongrel-1.1.5/lib/mongrel.rb:158:in `process_client'
/Library/Ruby/Gems/1.8/gems/mongrel-1.1.5/lib/mongrel.rb:285:in `run'
/Library/Ruby/Gems/1.8/gems/mongrel-1.1.5/lib/mongrel.rb:285:in `initialize'
/Library/Ruby/Gems/1.8/gems/mongrel-1.1.5/lib/mongrel.rb:285:in `new'
/Library/Ruby/Gems/1.8/gems/mongrel-1.1.5/lib/mongrel.rb:285:in `run'
/Library/Ruby/Gems/1.8/gems/mongrel-1.1.5/lib/mongrel.rb:268:in `initialize'
/Library/Ruby/Gems/1.8/gems/mongrel-1.1.5/lib/mongrel.rb:268:in `new'
/Library/Ruby/Gems/1.8/gems/mongrel-1.1.5/lib/mongrel.rb:268:in `run'
/Library/Ruby/Gems/1.8/gems/mongrel-1.1.5/lib/mongrel/configurator.rb:282:in `run'
/Library/Ruby/Gems/1.8/gems/mongrel-1.1.5/lib/mongrel/configurator.rb:281:in `each'
/Library/Ruby/Gems/1.8/gems/mongrel-1.1.5/lib/mongrel/configurator.rb:281:in `run'
/Library/Ruby/Gems/1.8/gems/mongrel-1.1.5/bin/mongrel_rails:128:in `run'
/Library/Ruby/Gems/1.8/gems/mongrel-1.1.5/lib/mongrel/command.rb:212:in `run'
/Library/Ruby/Gems/1.8/gems/mongrel-1.1.5/bin/mongrel_rails:281
/Library/Ruby/Gems/1.8/gems/activesupport-2.2.2/lib/active_support/dependencies.rb:142:in `load_without_new_constant_marking'
/Library/Ruby/Gems/1.8/gems/activesupport-2.2.2/lib/active_support/dependencies.rb:142:in `load'
/Library/Ruby/Gems/1.8/gems/activesupport-2.2.2/lib/active_support/dependencies.rb:521:in `new_constants_in'
/Library/Ruby/Gems/1.8/gems/activesupport-2.2.2/lib/active_support/dependencies.rb:142:in `load'
/Library/Ruby/Gems/1.8/gems/rails-2.2.2/lib/commands/servers/mongrel.rb:64
/Library/Ruby/Site/1.8/rubygems/custom_require.rb:31:in `gem_original_require'
/Library/Ruby/Site/1.8/rubygems/custom_require.rb:31:in `require'
/Library/Ruby/Gems/1.8/gems/activesupport-2.2.2/lib/active_support/dependencies.rb:153:in `require'
/Library/Ruby/Gems/1.8/gems/activesupport-2.2.2/lib/active_support/dependencies.rb:521:in `new_constants_in'
/Library/Ruby/Gems/1.8/gems/activesupport-2.2.2/lib/active_support/dependencies.rb:153:in `require'
/Library/Ruby/Gems/1.8/gems/rails-2.2.2/lib/commands/server.rb:49
/Library/Ruby/Site/1.8/rubygems/custom_require.rb:31:in `gem_original_require'
/Library/Ruby/Site/1.8/rubygems/custom_require.rb:31:in `require'
./script/server:3


ActionView::TemplateError (compile error
/Users/jhyland/src/snippem/app/views/users/show.html.erb:4: syntax error, unexpected ')'
@output_buffer.concat "  "; @output_buffer.concat(( div_for @snippet do ).to_s); @output_buffer.concat "\n"
                                                                         ^
/Users/jhyland/src/snippem/app/views/users/show.html.erb:11: syntax error, unexpected kEND, expecting ')'
 end ; @output_buffer.concat "\n"
    ^
/Users/jhyland/src/snippem/app/views/users/show.html.erb:13: syntax error, unexpected kENSURE, expecting ')'
/Users/jhyland/src/snippem/app/views/users/show.html.erb:15: syntax error, unexpected kEND, expecting ')') on line #4 of app/views/users/show.html.erb:
1: <h1>Snippets for <%= @user %></h1>
2: 
3: <% @snippets.each do |s| %>
4:   <%= div_for @snippet do %>
5:     Date: <%= s.created_at %> <br>
6:     Title: <%= s.title %> <br>
7: 

    app/views/users/show.html.erb:15:in `compile!'
    /Library/Ruby/Gems/1.8/gems/actionpack-2.2.2/lib/action_view/renderable.rb:66:in `compile'
    /Library/Ruby/Gems/1.8/gems/actionpack-2.2.2/lib/action_view/renderable.rb:64:in `synchronize'
    /Library/Ruby/Gems/1.8/gems/actionpack-2.2.2/lib/action_view/renderable.rb:64:in `compile'
    /Library/Ruby/Gems/1.8/gems/actionpack-2.2.2/lib/action_view/renderable.rb:26:in `render'
    /Library/Ruby/Gems/1.8/gems/actionpack-2.2.2/lib/action_view/template.rb:73:in `render_template'
    /Library/Ruby/Gems/1.8/gems/actionpack-2.2.2/lib/action_view/base.rb:256:in `render'
    /Library/Ruby/Gems/1.8/gems/actionpack-2.2.2/lib/action_controller/base.rb:1174:in `render_for_file'
    /Library/Ruby/Gems/1.8/gems/actionpack-2.2.2/lib/action_controller/base.rb:905:in `render_without_benchmark'
    /Library/Ruby/Gems/1.8/gems/actionpack-2.2.2/lib/action_controller/benchmarking.rb:51:in `render'
    /Library/Ruby/Gems/1.8/gems/activesupport-2.2.2/lib/active_support/core_ext/benchmark.rb:8:in `realtime'
    /Library/Ruby/Gems/1.8/gems/actionpack-2.2.2/lib/action_controller/benchmarking.rb:51:in `render'
    /Library/Ruby/Gems/1.8/gems/actionpack-2.2.2/lib/action_controller/mime_responds.rb:135:in `send'
    /Library/Ruby/Gems/1.8/gems/actionpack-2.2.2/lib/action_controller/mime_responds.rb:135:in `custom'
    /Library/Ruby/Gems/1.8/gems/actionpack-2.2.2/lib/action_controller/mime_responds.rb:164:in `call'
    /Library/Ruby/Gems/1.8/gems/actionpack-2.2.2/lib/action_controller/mime_responds.rb:164:in `respond'
    /Library/Ruby/Gems/1.8/gems/actionpack-2.2.2/lib/action_controller/mime_responds.rb:158:in `each'
    /Library/Ruby/Gems/1.8/gems/actionpack-2.2.2/lib/action_controller/mime_responds.rb:158:in `respond'
    /Library/Ruby/Gems/1.8/gems/actionpack-2.2.2/lib/action_controller/mime_responds.rb:107:in `respond_to'
    app/controllers/users_controller.rb:7:in `show'
    /Library/Ruby/Gems/1.8/gems/actionpack-2.2.2/lib/action_controller/base.rb:1253:in `send'
    /Library/Ruby/Gems/1.8/gems/actionpack-2.2.2/lib/action_controller/base.rb:1253:in `perform_action_without_filters'
    /Library/Ruby/Gems/1.8/gems/actionpack-2.2.2/lib/action_controller/filters.rb:617:in `call_filters'
    /Library/Ruby/Gems/1.8/gems/actionpack-2.2.2/lib/action_controller/filters.rb:610:in `perform_action_without_benchmark'
    /Library/Ruby/Gems/1.8/gems/actionpack-2.2.2/lib/action_controller/benchmarking.rb:68:in `perform_action_without_rescue'
    /System/Library/Frameworks/Ruby.framework/Versions/1.8/usr/lib/ruby/1.8/benchmark.rb:293:in `measure'
    /Library/Ruby/Gems/1.8/gems/actionpack-2.2.2/lib/action_controller/benchmarking.rb:68:in `perform_action_without_rescue'
    /Library/Ruby/Gems/1.8/gems/actionpack-2.2.2/lib/action_controller/rescue.rb:136:in `perform_action_without_caching'
    /Library/Ruby/Gems/1.8/gems/actionpack-2.2.2/lib/action_controller/caching/sql_cache.rb:13:in `perform_action'
    /Library/Ruby/Gems/1.8/gems/activerecord-2.2.2/lib/active_record/connection_adapters/abstract/query_cache.rb:34:in `cache'
    /Library/Ruby/Gems/1.8/gems/activerecord-2.2.2/lib/active_record/query_cache.rb:8:in `cache'
    /Library/Ruby/Gems/1.8/gems/actionpack-2.2.2/lib/action_controller/caching/sql_cache.rb:12:in `perform_action'
    /Library/Ruby/Gems/1.8/gems/actionpack-2.2.2/lib/action_controller/base.rb:524:in `send'
    /Library/Ruby/Gems/1.8/gems/actionpack-2.2.2/lib/action_controller/base.rb:524:in `process_without_filters'
    /Library/Ruby/Gems/1.8/gems/actionpack-2.2.2/lib/action_controller/filters.rb:606:in `process_without_session_management_support'
    /Library/Ruby/Gems/1.8/gems/actionpack-2.2.2/lib/action_controller/session_management.rb:134:in `process'
    /Library/Ruby/Gems/1.8/gems/actionpack-2.2.2/lib/action_controller/base.rb:392:in `process'
    /Library/Ruby/Gems/1.8/gems/actionpack-2.2.2/lib/action_controller/dispatcher.rb:183:in `handle_request'
    /Library/Ruby/Gems/1.8/gems/actionpack-2.2.2/lib/action_controller/dispatcher.rb:110:in `dispatch_unlocked'
    /Library/Ruby/Gems/1.8/gems/actionpack-2.2.2/lib/action_controller/dispatcher.rb:123:in `dispatch'
    /Library/Ruby/Gems/1.8/gems/actionpack-2.2.2/lib/action_controller/dispatcher.rb:122:in `synchronize'
    /Library/Ruby/Gems/1.8/gems/actionpack-2.2.2/lib/action_controller/dispatcher.rb:122:in `dispatch'
    /Library/Ruby/Gems/1.8/gems/actionpack-2.2.2/lib/action_controller/dispatcher.rb:132:in `dispatch_cgi'
    /Library/Ruby/Gems/1.8/gems/actionpack-2.2.2/lib/action_controller/dispatcher.rb:39:in `dispatch'
    /Library/Ruby/Gems/1.8/gems/mongrel-1.1.5/lib/mongrel/rails.rb:76:in `process'
    /Library/Ruby/Gems/1.8/gems/mongrel-1.1.5/lib/mongrel/rails.rb:74:in `synchronize'
    /Library/Ruby/Gems/1.8/gems/mongrel-1.1.5/lib/mongrel/rails.rb:74:in `process'
    /Library/Ruby/Gems/1.8/gems/mongrel-1.1.5/lib/mongrel.rb:159:in `process_client'
    /Library/Ruby/Gems/1.8/gems/mongrel-1.1.5/lib/mongrel.rb:158:in `each'
    /Library/Ruby/Gems/1.8/gems/mongrel-1.1.5/lib/mongrel.rb:158:in `process_client'
    /Library/Ruby/Gems/1.8/gems/mongrel-1.1.5/lib/mongrel.rb:285:in `run'
    /Library/Ruby/Gems/1.8/gems/mongrel-1.1.5/lib/mongrel.rb:285:in `initialize'
    /Library/Ruby/Gems/1.8/gems/mongrel-1.1.5/lib/mongrel.rb:285:in `new'
    /Library/Ruby/Gems/1.8/gems/mongrel-1.1.5/lib/mongrel.rb:285:in `run'
    /Library/Ruby/Gems/1.8/gems/mongrel-1.1.5/lib/mongrel.rb:268:in `initialize'
    /Library/Ruby/Gems/1.8/gems/mongrel-1.1.5/lib/mongrel.rb:268:in `new'
    /Library/Ruby/Gems/1.8/gems/mongrel-1.1.5/lib/mongrel.rb:268:in `run'
    /Library/Ruby/Gems/1.8/gems/mongrel-1.1.5/lib/mongrel/configurator.rb:282:in `run'
    /Library/Ruby/Gems/1.8/gems/mongrel-1.1.5/lib/mongrel/configurator.rb:281:in `each'
    /Library/Ruby/Gems/1.8/gems/mongrel-1.1.5/lib/mongrel/configurator.rb:281:in `run'
    /Library/Ruby/Gems/1.8/gems/mongrel-1.1.5/bin/mongrel_rails:128:in `run'
    /Library/Ruby/Gems/1.8/gems/mongrel-1.1.5/lib/mongrel/command.rb:212:in `run'
    /Library/Ruby/Gems/1.8/gems/mongrel-1.1.5/bin/mongrel_rails:281
    /Library/Ruby/Gems/1.8/gems/activesupport-2.2.2/lib/active_support/dependencies.rb:142:in `load_without_new_constant_marking'
    /Library/Ruby/Gems/1.8/gems/activesupport-2.2.2/lib/active_support/dependencies.rb:142:in `load'
    /Library/Ruby/Gems/1.8/gems/activesupport-2.2.2/lib/active_support/dependencies.rb:521:in `new_constants_in'
    /Library/Ruby/Gems/1.8/gems/activesupport-2.2.2/lib/active_support/dependencies.rb:142:in `load'
    /Library/Ruby/Gems/1.8/gems/rails-2.2.2/lib/commands/servers/mongrel.rb:64
    /Library/Ruby/Site/1.8/rubygems/custom_require.rb:31:in `gem_original_require'
    /Library/Ruby/Site/1.8/rubygems/custom_require.rb:31:in `require'
    /Library/Ruby/Gems/1.8/gems/activesupport-2.2.2/lib/active_support/dependencies.rb:153:in `require'
    /Library/Ruby/Gems/1.8/gems/activesupport-2.2.2/lib/active_support/dependencies.rb:521:in `new_constants_in'
    /Library/Ruby/Gems/1.8/gems/activesupport-2.2.2/lib/active_support/dependencies.rb:153:in `require'
    /Library/Ruby/Gems/1.8/gems/rails-2.2.2/lib/commands/server.rb:49
    /Library/Ruby/Site/1.8/rubygems/custom_require.rb:31:in `gem_original_require'
    /Library/Ruby/Site/1.8/rubygems/custom_require.rb:31:in `require'
    script/server:3

Rendered /Library/Ruby/Gems/1.8/gems/actionpack-2.2.2/lib/action_controller/templates/rescues/_trace (91.7ms)
Rendered /Library/Ruby/Gems/1.8/gems/actionpack-2.2.2/lib/action_controller/templates/rescues/_request_and_response (0.7ms)
Rendering /Library/Ruby/Gems/1.8/gems/actionpack-2.2.2/lib/action_controller/templates/rescues/layout.erb (internal_server_error)


Processing UsersController#show (for 127.0.0.1 at 2009-01-15 18:39:22) [GET]
  Parameters: {"id"=>"jhyland"}
  [4;35;1mSnippet Load (0.3ms)[0m   [0mSELECT * FROM "snippets" WHERE ("snippets"."user" = 'jhyland') [0m
Rendering users/show
ERROR: compiling _run_erb_app47views47users47show46html46erb RAISED compile error
/Users/jhyland/src/snippem/app/views/users/show.html.erb:4: syntax error, unexpected ')'
@output_buffer.concat "  "; @output_buffer.concat(( div_for(s) do ).to_s); @output_buffer.concat "\n"
                                                                   ^
/Users/jhyland/src/snippem/app/views/users/show.html.erb:11: syntax error, unexpected kEND, expecting ')'
 end ; @output_buffer.concat "\n"
    ^
/Users/jhyland/src/snippem/app/views/users/show.html.erb:13: syntax error, unexpected kENSURE, expecting ')'
/Users/jhyland/src/snippem/app/views/users/show.html.erb:15: syntax error, unexpected kEND, expecting ')'
Function body:           def _run_erb_app47views47users47show46html46erb(local_assigns)
            old_output_buffer = output_buffer;;@output_buffer = '';  __in_erb_template=true ; @output_buffer.concat "<h1>Snippets for "; @output_buffer.concat(( @user ).to_s); @output_buffer.concat "</h1>\n"
@output_buffer.concat "\n"
 @snippets.each do |s| ; @output_buffer.concat "\n"
@output_buffer.concat "  "; @output_buffer.concat(( div_for(s) do ).to_s); @output_buffer.concat "\n"
@output_buffer.concat "    Date: "; @output_buffer.concat(( s.created_at ).to_s); @output_buffer.concat " <br>\n"
@output_buffer.concat "    Title: "; @output_buffer.concat(( s.title ).to_s); @output_buffer.concat " <br>\n"
@output_buffer.concat "\n"
@output_buffer.concat "    <p> "; @output_buffer.concat(( s.contents ).to_s); @output_buffer.concat " </p>\n"
@output_buffer.concat "  ";  end ; @output_buffer.concat "\n"
@output_buffer.concat "\n"
 end ; @output_buffer.concat "\n"
@output_buffer
          ensure
            self.output_buffer = old_output_buffer
          end
Backtrace: /Users/jhyland/src/snippem/app/views/users/show.html.erb:15:in `compile!'
/Library/Ruby/Gems/1.8/gems/actionpack-2.2.2/lib/action_view/renderable.rb:66:in `compile'
/Library/Ruby/Gems/1.8/gems/actionpack-2.2.2/lib/action_view/renderable.rb:64:in `synchronize'
/Library/Ruby/Gems/1.8/gems/actionpack-2.2.2/lib/action_view/renderable.rb:64:in `compile'
/Library/Ruby/Gems/1.8/gems/actionpack-2.2.2/lib/action_view/renderable.rb:26:in `render'
/Library/Ruby/Gems/1.8/gems/actionpack-2.2.2/lib/action_view/template.rb:73:in `render_template'
/Library/Ruby/Gems/1.8/gems/actionpack-2.2.2/lib/action_view/base.rb:256:in `render'
/Library/Ruby/Gems/1.8/gems/actionpack-2.2.2/lib/action_controller/base.rb:1174:in `render_for_file'
/Library/Ruby/Gems/1.8/gems/actionpack-2.2.2/lib/action_controller/base.rb:905:in `render_without_benchmark'
/Library/Ruby/Gems/1.8/gems/actionpack-2.2.2/lib/action_controller/benchmarking.rb:51:in `render'
/Library/Ruby/Gems/1.8/gems/activesupport-2.2.2/lib/active_support/core_ext/benchmark.rb:8:in `realtime'
/Library/Ruby/Gems/1.8/gems/actionpack-2.2.2/lib/action_controller/benchmarking.rb:51:in `render'
/Library/Ruby/Gems/1.8/gems/actionpack-2.2.2/lib/action_controller/mime_responds.rb:135:in `send'
/Library/Ruby/Gems/1.8/gems/actionpack-2.2.2/lib/action_controller/mime_responds.rb:135:in `custom'
/Library/Ruby/Gems/1.8/gems/actionpack-2.2.2/lib/action_controller/mime_responds.rb:164:in `call'
/Library/Ruby/Gems/1.8/gems/actionpack-2.2.2/lib/action_controller/mime_responds.rb:164:in `respond'
/Library/Ruby/Gems/1.8/gems/actionpack-2.2.2/lib/action_controller/mime_responds.rb:158:in `each'
/Library/Ruby/Gems/1.8/gems/actionpack-2.2.2/lib/action_controller/mime_responds.rb:158:in `respond'
/Library/Ruby/Gems/1.8/gems/actionpack-2.2.2/lib/action_controller/mime_responds.rb:107:in `respond_to'
/Users/jhyland/src/snippem/app/controllers/users_controller.rb:7:in `show'
/Library/Ruby/Gems/1.8/gems/actionpack-2.2.2/lib/action_controller/base.rb:1253:in `send'
/Library/Ruby/Gems/1.8/gems/actionpack-2.2.2/lib/action_controller/base.rb:1253:in `perform_action_without_filters'
/Library/Ruby/Gems/1.8/gems/actionpack-2.2.2/lib/action_controller/filters.rb:617:in `call_filters'
/Library/Ruby/Gems/1.8/gems/actionpack-2.2.2/lib/action_controller/filters.rb:610:in `perform_action_without_benchmark'
/Library/Ruby/Gems/1.8/gems/actionpack-2.2.2/lib/action_controller/benchmarking.rb:68:in `perform_action_without_rescue'
/System/Library/Frameworks/Ruby.framework/Versions/1.8/usr/lib/ruby/1.8/benchmark.rb:293:in `measure'
/Library/Ruby/Gems/1.8/gems/actionpack-2.2.2/lib/action_controller/benchmarking.rb:68:in `perform_action_without_rescue'
/Library/Ruby/Gems/1.8/gems/actionpack-2.2.2/lib/action_controller/rescue.rb:136:in `perform_action_without_caching'
/Library/Ruby/Gems/1.8/gems/actionpack-2.2.2/lib/action_controller/caching/sql_cache.rb:13:in `perform_action'
/Library/Ruby/Gems/1.8/gems/activerecord-2.2.2/lib/active_record/connection_adapters/abstract/query_cache.rb:34:in `cache'
/Library/Ruby/Gems/1.8/gems/activerecord-2.2.2/lib/active_record/query_cache.rb:8:in `cache'
/Library/Ruby/Gems/1.8/gems/actionpack-2.2.2/lib/action_controller/caching/sql_cache.rb:12:in `perform_action'
/Library/Ruby/Gems/1.8/gems/actionpack-2.2.2/lib/action_controller/base.rb:524:in `send'
/Library/Ruby/Gems/1.8/gems/actionpack-2.2.2/lib/action_controller/base.rb:524:in `process_without_filters'
/Library/Ruby/Gems/1.8/gems/actionpack-2.2.2/lib/action_controller/filters.rb:606:in `process_without_session_management_support'
/Library/Ruby/Gems/1.8/gems/actionpack-2.2.2/lib/action_controller/session_management.rb:134:in `process'
/Library/Ruby/Gems/1.8/gems/actionpack-2.2.2/lib/action_controller/base.rb:392:in `process'
/Library/Ruby/Gems/1.8/gems/actionpack-2.2.2/lib/action_controller/dispatcher.rb:183:in `handle_request'
/Library/Ruby/Gems/1.8/gems/actionpack-2.2.2/lib/action_controller/dispatcher.rb:110:in `dispatch_unlocked'
/Library/Ruby/Gems/1.8/gems/actionpack-2.2.2/lib/action_controller/dispatcher.rb:123:in `dispatch'
/Library/Ruby/Gems/1.8/gems/actionpack-2.2.2/lib/action_controller/dispatcher.rb:122:in `synchronize'
/Library/Ruby/Gems/1.8/gems/actionpack-2.2.2/lib/action_controller/dispatcher.rb:122:in `dispatch'
/Library/Ruby/Gems/1.8/gems/actionpack-2.2.2/lib/action_controller/dispatcher.rb:132:in `dispatch_cgi'
/Library/Ruby/Gems/1.8/gems/actionpack-2.2.2/lib/action_controller/dispatcher.rb:39:in `dispatch'
/Library/Ruby/Gems/1.8/gems/mongrel-1.1.5/bin/../lib/mongrel/rails.rb:76:in `process'
/Library/Ruby/Gems/1.8/gems/mongrel-1.1.5/bin/../lib/mongrel/rails.rb:74:in `synchronize'
/Library/Ruby/Gems/1.8/gems/mongrel-1.1.5/bin/../lib/mongrel/rails.rb:74:in `process'
/Library/Ruby/Gems/1.8/gems/mongrel-1.1.5/lib/mongrel.rb:159:in `process_client'
/Library/Ruby/Gems/1.8/gems/mongrel-1.1.5/lib/mongrel.rb:158:in `each'
/Library/Ruby/Gems/1.8/gems/mongrel-1.1.5/lib/mongrel.rb:158:in `process_client'
/Library/Ruby/Gems/1.8/gems/mongrel-1.1.5/lib/mongrel.rb:285:in `run'
/Library/Ruby/Gems/1.8/gems/mongrel-1.1.5/lib/mongrel.rb:285:in `initialize'
/Library/Ruby/Gems/1.8/gems/mongrel-1.1.5/lib/mongrel.rb:285:in `new'
/Library/Ruby/Gems/1.8/gems/mongrel-1.1.5/lib/mongrel.rb:285:in `run'
/Library/Ruby/Gems/1.8/gems/mongrel-1.1.5/lib/mongrel.rb:268:in `initialize'
/Library/Ruby/Gems/1.8/gems/mongrel-1.1.5/lib/mongrel.rb:268:in `new'
/Library/Ruby/Gems/1.8/gems/mongrel-1.1.5/lib/mongrel.rb:268:in `run'
/Library/Ruby/Gems/1.8/gems/mongrel-1.1.5/lib/mongrel/configurator.rb:282:in `run'
/Library/Ruby/Gems/1.8/gems/mongrel-1.1.5/lib/mongrel/configurator.rb:281:in `each'
/Library/Ruby/Gems/1.8/gems/mongrel-1.1.5/lib/mongrel/configurator.rb:281:in `run'
/Library/Ruby/Gems/1.8/gems/mongrel-1.1.5/bin/mongrel_rails:128:in `run'
/Library/Ruby/Gems/1.8/gems/mongrel-1.1.5/lib/mongrel/command.rb:212:in `run'
/Library/Ruby/Gems/1.8/gems/mongrel-1.1.5/bin/mongrel_rails:281
/Library/Ruby/Gems/1.8/gems/activesupport-2.2.2/lib/active_support/dependencies.rb:142:in `load_without_new_constant_marking'
/Library/Ruby/Gems/1.8/gems/activesupport-2.2.2/lib/active_support/dependencies.rb:142:in `load'
/Library/Ruby/Gems/1.8/gems/activesupport-2.2.2/lib/active_support/dependencies.rb:521:in `new_constants_in'
/Library/Ruby/Gems/1.8/gems/activesupport-2.2.2/lib/active_support/dependencies.rb:142:in `load'
/Library/Ruby/Gems/1.8/gems/rails-2.2.2/lib/commands/servers/mongrel.rb:64
/Library/Ruby/Site/1.8/rubygems/custom_require.rb:31:in `gem_original_require'
/Library/Ruby/Site/1.8/rubygems/custom_require.rb:31:in `require'
/Library/Ruby/Gems/1.8/gems/activesupport-2.2.2/lib/active_support/dependencies.rb:153:in `require'
/Library/Ruby/Gems/1.8/gems/activesupport-2.2.2/lib/active_support/dependencies.rb:521:in `new_constants_in'
/Library/Ruby/Gems/1.8/gems/activesupport-2.2.2/lib/active_support/dependencies.rb:153:in `require'
/Library/Ruby/Gems/1.8/gems/rails-2.2.2/lib/commands/server.rb:49
/Library/Ruby/Site/1.8/rubygems/custom_require.rb:31:in `gem_original_require'
/Library/Ruby/Site/1.8/rubygems/custom_require.rb:31:in `require'
./script/server:3


ActionView::TemplateError (compile error
/Users/jhyland/src/snippem/app/views/users/show.html.erb:4: syntax error, unexpected ')'
@output_buffer.concat "  "; @output_buffer.concat(( div_for(s) do ).to_s); @output_buffer.concat "\n"
                                                                   ^
/Users/jhyland/src/snippem/app/views/users/show.html.erb:11: syntax error, unexpected kEND, expecting ')'
 end ; @output_buffer.concat "\n"
    ^
/Users/jhyland/src/snippem/app/views/users/show.html.erb:13: syntax error, unexpected kENSURE, expecting ')'
/Users/jhyland/src/snippem/app/views/users/show.html.erb:15: syntax error, unexpected kEND, expecting ')') on line #4 of app/views/users/show.html.erb:
1: <h1>Snippets for <%= @user %></h1>
2: 
3: <% @snippets.each do |s| %>
4:   <%= div_for(s) do %>
5:     Date: <%= s.created_at %> <br>
6:     Title: <%= s.title %> <br>
7: 

    app/views/users/show.html.erb:15:in `compile!'
    /Library/Ruby/Gems/1.8/gems/actionpack-2.2.2/lib/action_view/renderable.rb:66:in `compile'
    /Library/Ruby/Gems/1.8/gems/actionpack-2.2.2/lib/action_view/renderable.rb:64:in `synchronize'
    /Library/Ruby/Gems/1.8/gems/actionpack-2.2.2/lib/action_view/renderable.rb:64:in `compile'
    /Library/Ruby/Gems/1.8/gems/actionpack-2.2.2/lib/action_view/renderable.rb:26:in `render'
    /Library/Ruby/Gems/1.8/gems/actionpack-2.2.2/lib/action_view/template.rb:73:in `render_template'
    /Library/Ruby/Gems/1.8/gems/actionpack-2.2.2/lib/action_view/base.rb:256:in `render'
    /Library/Ruby/Gems/1.8/gems/actionpack-2.2.2/lib/action_controller/base.rb:1174:in `render_for_file'
    /Library/Ruby/Gems/1.8/gems/actionpack-2.2.2/lib/action_controller/base.rb:905:in `render_without_benchmark'
    /Library/Ruby/Gems/1.8/gems/actionpack-2.2.2/lib/action_controller/benchmarking.rb:51:in `render'
    /Library/Ruby/Gems/1.8/gems/activesupport-2.2.2/lib/active_support/core_ext/benchmark.rb:8:in `realtime'
    /Library/Ruby/Gems/1.8/gems/actionpack-2.2.2/lib/action_controller/benchmarking.rb:51:in `render'
    /Library/Ruby/Gems/1.8/gems/actionpack-2.2.2/lib/action_controller/mime_responds.rb:135:in `send'
    /Library/Ruby/Gems/1.8/gems/actionpack-2.2.2/lib/action_controller/mime_responds.rb:135:in `custom'
    /Library/Ruby/Gems/1.8/gems/actionpack-2.2.2/lib/action_controller/mime_responds.rb:164:in `call'
    /Library/Ruby/Gems/1.8/gems/actionpack-2.2.2/lib/action_controller/mime_responds.rb:164:in `respond'
    /Library/Ruby/Gems/1.8/gems/actionpack-2.2.2/lib/action_controller/mime_responds.rb:158:in `each'
    /Library/Ruby/Gems/1.8/gems/actionpack-2.2.2/lib/action_controller/mime_responds.rb:158:in `respond'
    /Library/Ruby/Gems/1.8/gems/actionpack-2.2.2/lib/action_controller/mime_responds.rb:107:in `respond_to'
    app/controllers/users_controller.rb:7:in `show'
    /Library/Ruby/Gems/1.8/gems/actionpack-2.2.2/lib/action_controller/base.rb:1253:in `send'
    /Library/Ruby/Gems/1.8/gems/actionpack-2.2.2/lib/action_controller/base.rb:1253:in `perform_action_without_filters'
    /Library/Ruby/Gems/1.8/gems/actionpack-2.2.2/lib/action_controller/filters.rb:617:in `call_filters'
    /Library/Ruby/Gems/1.8/gems/actionpack-2.2.2/lib/action_controller/filters.rb:610:in `perform_action_without_benchmark'
    /Library/Ruby/Gems/1.8/gems/actionpack-2.2.2/lib/action_controller/benchmarking.rb:68:in `perform_action_without_rescue'
    /System/Library/Frameworks/Ruby.framework/Versions/1.8/usr/lib/ruby/1.8/benchmark.rb:293:in `measure'
    /Library/Ruby/Gems/1.8/gems/actionpack-2.2.2/lib/action_controller/benchmarking.rb:68:in `perform_action_without_rescue'
    /Library/Ruby/Gems/1.8/gems/actionpack-2.2.2/lib/action_controller/rescue.rb:136:in `perform_action_without_caching'
    /Library/Ruby/Gems/1.8/gems/actionpack-2.2.2/lib/action_controller/caching/sql_cache.rb:13:in `perform_action'
    /Library/Ruby/Gems/1.8/gems/activerecord-2.2.2/lib/active_record/connection_adapters/abstract/query_cache.rb:34:in `cache'
    /Library/Ruby/Gems/1.8/gems/activerecord-2.2.2/lib/active_record/query_cache.rb:8:in `cache'
    /Library/Ruby/Gems/1.8/gems/actionpack-2.2.2/lib/action_controller/caching/sql_cache.rb:12:in `perform_action'
    /Library/Ruby/Gems/1.8/gems/actionpack-2.2.2/lib/action_controller/base.rb:524:in `send'
    /Library/Ruby/Gems/1.8/gems/actionpack-2.2.2/lib/action_controller/base.rb:524:in `process_without_filters'
    /Library/Ruby/Gems/1.8/gems/actionpack-2.2.2/lib/action_controller/filters.rb:606:in `process_without_session_management_support'
    /Library/Ruby/Gems/1.8/gems/actionpack-2.2.2/lib/action_controller/session_management.rb:134:in `process'
    /Library/Ruby/Gems/1.8/gems/actionpack-2.2.2/lib/action_controller/base.rb:392:in `process'
    /Library/Ruby/Gems/1.8/gems/actionpack-2.2.2/lib/action_controller/dispatcher.rb:183:in `handle_request'
    /Library/Ruby/Gems/1.8/gems/actionpack-2.2.2/lib/action_controller/dispatcher.rb:110:in `dispatch_unlocked'
    /Library/Ruby/Gems/1.8/gems/actionpack-2.2.2/lib/action_controller/dispatcher.rb:123:in `dispatch'
    /Library/Ruby/Gems/1.8/gems/actionpack-2.2.2/lib/action_controller/dispatcher.rb:122:in `synchronize'
    /Library/Ruby/Gems/1.8/gems/actionpack-2.2.2/lib/action_controller/dispatcher.rb:122:in `dispatch'
    /Library/Ruby/Gems/1.8/gems/actionpack-2.2.2/lib/action_controller/dispatcher.rb:132:in `dispatch_cgi'
    /Library/Ruby/Gems/1.8/gems/actionpack-2.2.2/lib/action_controller/dispatcher.rb:39:in `dispatch'
    /Library/Ruby/Gems/1.8/gems/mongrel-1.1.5/lib/mongrel/rails.rb:76:in `process'
    /Library/Ruby/Gems/1.8/gems/mongrel-1.1.5/lib/mongrel/rails.rb:74:in `synchronize'
    /Library/Ruby/Gems/1.8/gems/mongrel-1.1.5/lib/mongrel/rails.rb:74:in `process'
    /Library/Ruby/Gems/1.8/gems/mongrel-1.1.5/lib/mongrel.rb:159:in `process_client'
    /Library/Ruby/Gems/1.8/gems/mongrel-1.1.5/lib/mongrel.rb:158:in `each'
    /Library/Ruby/Gems/1.8/gems/mongrel-1.1.5/lib/mongrel.rb:158:in `process_client'
    /Library/Ruby/Gems/1.8/gems/mongrel-1.1.5/lib/mongrel.rb:285:in `run'
    /Library/Ruby/Gems/1.8/gems/mongrel-1.1.5/lib/mongrel.rb:285:in `initialize'
    /Library/Ruby/Gems/1.8/gems/mongrel-1.1.5/lib/mongrel.rb:285:in `new'
    /Library/Ruby/Gems/1.8/gems/mongrel-1.1.5/lib/mongrel.rb:285:in `run'
    /Library/Ruby/Gems/1.8/gems/mongrel-1.1.5/lib/mongrel.rb:268:in `initialize'
    /Library/Ruby/Gems/1.8/gems/mongrel-1.1.5/lib/mongrel.rb:268:in `new'
    /Library/Ruby/Gems/1.8/gems/mongrel-1.1.5/lib/mongrel.rb:268:in `run'
    /Library/Ruby/Gems/1.8/gems/mongrel-1.1.5/lib/mongrel/configurator.rb:282:in `run'
    /Library/Ruby/Gems/1.8/gems/mongrel-1.1.5/lib/mongrel/configurator.rb:281:in `each'
    /Library/Ruby/Gems/1.8/gems/mongrel-1.1.5/lib/mongrel/configurator.rb:281:in `run'
    /Library/Ruby/Gems/1.8/gems/mongrel-1.1.5/bin/mongrel_rails:128:in `run'
    /Library/Ruby/Gems/1.8/gems/mongrel-1.1.5/lib/mongrel/command.rb:212:in `run'
    /Library/Ruby/Gems/1.8/gems/mongrel-1.1.5/bin/mongrel_rails:281
    /Library/Ruby/Gems/1.8/gems/activesupport-2.2.2/lib/active_support/dependencies.rb:142:in `load_without_new_constant_marking'
    /Library/Ruby/Gems/1.8/gems/activesupport-2.2.2/lib/active_support/dependencies.rb:142:in `load'
    /Library/Ruby/Gems/1.8/gems/activesupport-2.2.2/lib/active_support/dependencies.rb:521:in `new_constants_in'
    /Library/Ruby/Gems/1.8/gems/activesupport-2.2.2/lib/active_support/dependencies.rb:142:in `load'
    /Library/Ruby/Gems/1.8/gems/rails-2.2.2/lib/commands/servers/mongrel.rb:64
    /Library/Ruby/Site/1.8/rubygems/custom_require.rb:31:in `gem_original_require'
    /Library/Ruby/Site/1.8/rubygems/custom_require.rb:31:in `require'
    /Library/Ruby/Gems/1.8/gems/activesupport-2.2.2/lib/active_support/dependencies.rb:153:in `require'
    /Library/Ruby/Gems/1.8/gems/activesupport-2.2.2/lib/active_support/dependencies.rb:521:in `new_constants_in'
    /Library/Ruby/Gems/1.8/gems/activesupport-2.2.2/lib/active_support/dependencies.rb:153:in `require'
    /Library/Ruby/Gems/1.8/gems/rails-2.2.2/lib/commands/server.rb:49
    /Library/Ruby/Site/1.8/rubygems/custom_require.rb:31:in `gem_original_require'
    /Library/Ruby/Site/1.8/rubygems/custom_require.rb:31:in `require'
    script/server:3

Rendered /Library/Ruby/Gems/1.8/gems/actionpack-2.2.2/lib/action_controller/templates/rescues/_trace (30.4ms)
Rendered /Library/Ruby/Gems/1.8/gems/actionpack-2.2.2/lib/action_controller/templates/rescues/_request_and_response (0.7ms)
Rendering /Library/Ruby/Gems/1.8/gems/actionpack-2.2.2/lib/action_controller/templates/rescues/layout.erb (internal_server_error)


Processing UsersController#show (for 127.0.0.1 at 2009-01-15 18:39:32) [GET]
  Parameters: {"id"=>"jhyland"}
  [4;36;1mSnippet Load (0.2ms)[0m   [0;1mSELECT * FROM "snippets" WHERE ("snippets"."user" = 'jhyland') [0m
Rendering users/show
Completed in 7ms (View: 2, DB: 0) | 200 OK [http://localhost/users/jhyland]


Processing UsersController#show (for 127.0.0.1 at 2009-01-15 18:41:18) [GET]
  Parameters: {"id"=>"jhyland"}
  [4;35;1mSnippet Load (0.2ms)[0m   [0mSELECT * FROM "snippets" WHERE ("snippets"."user" = 'jhyland') [0m
Rendering users/show
Completed in 7ms (View: 2, DB: 0) | 200 OK [http://localhost/users/jhyland]


Processing UsersController#show (for 127.0.0.1 at 2009-01-15 18:41:20) [GET]
  Parameters: {"id"=>"jhyland"}
  [4;36;1mSnippet Load (0.2ms)[0m   [0;1mSELECT * FROM "snippets" WHERE ("snippets"."user" = 'jhyland') [0m
Rendering users/show
Completed in 7ms (View: 2, DB: 0) | 200 OK [http://localhost/users/jhyland]


Processing UsersController#show (for 127.0.0.1 at 2009-01-15 18:42:06) [GET]
  Parameters: {"id"=>"jhyland"}
  [4;35;1mSnippet Load (0.2ms)[0m   [0mSELECT * FROM "snippets" WHERE ("snippets"."user" = 'jhyland') [0m
Rendering template within layouts/application
Rendering users/show
Completed in 8ms (View: 4, DB: 0) | 200 OK [http://localhost/users/jhyland]


Processing UsersController#show (for 127.0.0.1 at 2009-01-15 18:42:21) [GET]
  Parameters: {"id"=>"jhyland"}
  [4;36;1mSnippet Load (0.2ms)[0m   [0;1mSELECT * FROM "snippets" WHERE ("snippets"."user" = 'jhyland') [0m
Rendering template within layouts/application
Rendering users/show
Completed in 9ms (View: 4, DB: 0) | 200 OK [http://localhost/users/jhyland]


Processing UsersController#show (for 127.0.0.1 at 2009-01-15 18:42:47) [GET]
  Parameters: {"id"=>"jhyland"}
  [4;35;1mSnippet Load (0.2ms)[0m   [0mSELECT * FROM "snippets" WHERE ("snippets"."user" = 'jhyland') [0m
Rendering template within layouts/application
Rendering users/show
Completed in 9ms (View: 4, DB: 0) | 200 OK [http://localhost/users/jhyland]


Processing UsersController#show (for 127.0.0.1 at 2009-01-15 18:43:14) [GET]
  Parameters: {"id"=>"jhyland"}
  [4;36;1mSnippet Load (0.2ms)[0m   [0;1mSELECT * FROM "snippets" WHERE ("snippets"."user" = 'jhyland') [0m
Rendering template within layouts/application
Rendering users/show
Completed in 9ms (View: 4, DB: 0) | 200 OK [http://localhost/users/jhyland]


Processing UsersController#show (for 127.0.0.1 at 2009-01-15 18:43:21) [GET]
  Parameters: {"id"=>"jhyland"}
  [4;35;1mSnippet Load (0.2ms)[0m   [0mSELECT * FROM "snippets" WHERE ("snippets"."user" = 'jhyland') [0m
Rendering template within layouts/application
Rendering users/show
Completed in 9ms (View: 4, DB: 0) | 200 OK [http://localhost/users/jhyland]


Processing UsersController#show (for 127.0.0.1 at 2009-01-15 18:43:51) [GET]
  Parameters: {"id"=>"jhyland"}
  [4;36;1mSnippet Load (0.2ms)[0m   [0;1mSELECT * FROM "snippets" WHERE ("snippets"."user" = 'jhyland') [0m
Rendering template within layouts/application
Rendering users/show
Completed in 9ms (View: 4, DB: 0) | 200 OK [http://localhost/users/jhyland]


Processing UsersController#show (for 127.0.0.1 at 2009-01-15 18:45:53) [GET]
  Parameters: {"id"=>"jhyland"}
  [4;35;1mSnippet Load (0.6ms)[0m   [0mSELECT * FROM "snippets" WHERE ("snippets"."user" = 'jhyland') ORDER BY created_at DESC[0m
Rendering template within layouts/application
Rendering users/show
Completed in 9ms (View: 4, DB: 1) | 200 OK [http://localhost/users/jhyland]
